[34m# Rebasing to registry.ci.openshift.org/ocp/release:4.14.0-0.nightly-2023-04-30-235516 and registry.ci.openshift.org/ocp-arm64/release-arm64:4.14.0-0.nightly-arm64-2023-04-30-210556[00m
[34m# Fetching release info for registry.ci.openshift.org/ocp/release:4.14.0-0.nightly-2023-04-30-235516 (amd64)[00m
[34m# Fetching release info for registry.ci.openshift.org/ocp-arm64/release-arm64:4.14.0-0.nightly-arm64-2023-04-30-210556 (arm64)[00m
[34m# Extracting registry.ci.openshift.org/ocp/release:4.14.0-0.nightly-2023-04-30-235516 manifest content[00m
[34m# Cloning registry.ci.openshift.org/ocp/release:4.14.0-0.nightly-2023-04-30-235516 component repos[00m
Initialized empty Git repository in /go/src/github.com/openshift/microshift/_output/staging/cluster-dns-operator/.git/
HEAD is now at d36aebf Merge pull request #358 from Miciah/OCPBUGS-5943-set-DNS-daemonset-maxSurge-value-to-10-percent

Initialized empty Git repository in /go/src/github.com/openshift/microshift/_output/staging/cluster-ingress-operator/.git/
HEAD is now at 43395ef Merge pull request #916 from Miciah/OCPBUGS-12790-replace-Bugzilla-link-with-Red-Hat-Issue-Tracker

Initialized empty Git repository in /go/src/github.com/openshift/microshift/_output/staging/cluster-kube-apiserver-operator/.git/
HEAD is now at 6e29997 Merge pull request #1486 from benluddy/new-featuregate-unit-tests

Initialized empty Git repository in /go/src/github.com/openshift/microshift/_output/staging/cluster-kube-controller-manager-operator/.git/
HEAD is now at a4a0712 Merge pull request #730 from deads2k/feature-gate-api

Initialized empty Git repository in /go/src/github.com/openshift/microshift/_output/staging/cluster-kube-scheduler-operator/.git/
HEAD is now at 3b0f966 Merge pull request #479 from ingvagabund/478

Initialized empty Git repository in /go/src/github.com/openshift/microshift/_output/staging/cluster-network-operator/.git/
HEAD is now at 7174d73 Merge pull request #1763 from martinkennelly/dep-legacy-field-manager

Initialized empty Git repository in /go/src/github.com/openshift/microshift/_output/staging/cluster-openshift-controller-manager-operator/.git/
HEAD is now at 9b7ea79 Merge pull request #287 from openshift-bot/art-consistency-openshift-4.14-ose-cluster-openshift-controller-manager-operator

Initialized empty Git repository in /go/src/github.com/openshift/microshift/_output/staging/cluster-policy-controller/.git/
HEAD is now at 62adf79 Merge pull request #110 from openshift-bot/art-consistency-openshift-4.14-cluster-policy-controller

Initialized empty Git repository in /go/src/github.com/openshift/microshift/_output/staging/etcd/.git/
HEAD is now at 53cdd6b0 Merge pull request #184 from openshift-cherrypick-robot/cherry-pick-177-to-openshift-4.14

Initialized empty Git repository in /go/src/github.com/openshift/microshift/_output/staging/kubernetes/.git/
HEAD is now at d2e245fcc Merge pull request #1548 from benluddy/ocpbugs-10829

Initialized empty Git repository in /go/src/github.com/openshift/microshift/_output/staging/machine-config-operator/.git/
HEAD is now at 4fef5568 Merge pull request #3441 from shiftstack/scale-keepalived

Initialized empty Git repository in /go/src/github.com/openshift/microshift/_output/staging/openshift-controller-manager/.git/
HEAD is now at 76ef4f6 Merge pull request #260 from openshift-bot/art-consistency-openshift-4.14-ose-openshift-controller-manager

Initialized empty Git repository in /go/src/github.com/openshift/microshift/_output/staging/route-controller-manager/.git/
HEAD is now at 8f894ac Merge pull request #19 from openshift-bot/art-consistency-openshift-4.14-ose-route-controller-manager

Initialized empty Git repository in /go/src/github.com/openshift/microshift/_output/staging/service-ca-operator/.git/
HEAD is now at f0bd313 Merge pull request #211 from s-urbaniak/pr-209

[34m# Cloning registry.ci.openshift.org/ocp/release:4.14.0-0.nightly-2023-04-30-235516 image repos[00m
Initialized empty Git repository in /go/src/github.com/openshift/microshift/_output/staging/amd64/oc/.git/
HEAD is now at 42126f8 Merge pull request #1406 from ardaguclu/certificateverificationerror

Initialized empty Git repository in /go/src/github.com/openshift/microshift/_output/staging/amd64/coredns/.git/
HEAD is now at 5f5e9d8 Merge pull request #91 from openshift-bot/art-consistency-openshift-4.14-coredns

Initialized empty Git repository in /go/src/github.com/openshift/microshift/_output/staging/amd64/router/.git/
HEAD is now at 4bb311f Merge pull request #473 from openshift-bot/art-consistency-openshift-4.14-ose-haproxy-router-base

Initialized empty Git repository in /go/src/github.com/openshift/microshift/_output/staging/amd64/kube-rbac-proxy/.git/
HEAD is now at 27c2555 Merge pull request #66 from openshift-bot/art-consistency-openshift-4.14-kube-rbac-proxy

openssl not from release payload, skipping

Initialized empty Git repository in /go/src/github.com/openshift/microshift/_output/staging/amd64/ovn-kubernetes/.git/
HEAD is now at d03d2d0 Merge pull request #1652 from npinaeva/ocpbugs-11716

Initialized empty Git repository in /go/src/github.com/openshift/microshift/_output/staging/amd64/kubernetes/.git/
HEAD is now at d2e245fcc Merge pull request #1548 from benluddy/ocpbugs-10829

Initialized empty Git repository in /go/src/github.com/openshift/microshift/_output/staging/amd64/service-ca-operator/.git/
HEAD is now at f0bd313 Merge pull request #211 from s-urbaniak/pr-209

topolvm_csi not from release payload, skipping

topolvm_csi_livenessprobe not from release payload, skipping

topolvm_csi_provisioner not from release payload, skipping

topolvm_csi_registrar not from release payload, skipping

topolvm_csi_resizer not from release payload, skipping

Initialized empty Git repository in /go/src/github.com/openshift/microshift/_output/staging/arm64/oc/.git/
HEAD is now at 42126f8 Merge pull request #1406 from ardaguclu/certificateverificationerror

Initialized empty Git repository in /go/src/github.com/openshift/microshift/_output/staging/arm64/coredns/.git/
HEAD is now at 5f5e9d8 Merge pull request #91 from openshift-bot/art-consistency-openshift-4.14-coredns

Initialized empty Git repository in /go/src/github.com/openshift/microshift/_output/staging/arm64/router/.git/
HEAD is now at 4bb311f Merge pull request #473 from openshift-bot/art-consistency-openshift-4.14-ose-haproxy-router-base

Initialized empty Git repository in /go/src/github.com/openshift/microshift/_output/staging/arm64/kube-rbac-proxy/.git/
HEAD is now at 27c2555 Merge pull request #66 from openshift-bot/art-consistency-openshift-4.14-kube-rbac-proxy

openssl not from release payload, skipping

Initialized empty Git repository in /go/src/github.com/openshift/microshift/_output/staging/arm64/ovn-kubernetes/.git/
HEAD is now at d03d2d0 Merge pull request #1652 from npinaeva/ocpbugs-11716

Initialized empty Git repository in /go/src/github.com/openshift/microshift/_output/staging/arm64/kubernetes/.git/
HEAD is now at d2e245fcc Merge pull request #1548 from benluddy/ocpbugs-10829

Initialized empty Git repository in /go/src/github.com/openshift/microshift/_output/staging/arm64/service-ca-operator/.git/
HEAD is now at f0bd313 Merge pull request #211 from s-urbaniak/pr-209

topolvm_csi not from release payload, skipping

topolvm_csi_livenessprobe not from release payload, skipping

topolvm_csi_provisioner not from release payload, skipping

topolvm_csi_registrar not from release payload, skipping

topolvm_csi_resizer not from release payload, skipping

[34mdownloading LVMS operator bundles[00m
/go/src/github.com/openshift/microshift/_output/staging/lvms/amd64 /go/src/github.com/openshift/microshift
[34mextracting lvms operator bundle for "amd64" architecture[00m
/go/src/github.com/openshift/microshift
/go/src/github.com/openshift/microshift/_output/staging/lvms/arm64 /go/src/github.com/openshift/microshift
[34mextracting lvms operator bundle for "arm64" architecture[00m
/go/src/github.com/openshift/microshift
error: branch 'rebase-4.14.0-0.nightly-2023-04-30-235516_amd64-2023-04-30_arm64-2023-04-30' not found.
Switched to a new branch 'rebase-4.14.0-0.nightly-2023-04-30-235516_amd64-2023-04-30_arm64-2023-04-30'
[34m## Updating last_rebase.sh[00m
[34m## Committing changes to last_rebase.sh[00m
[rebase-4.14.0-0.nightly-2023-04-30-235516_amd64-2023-04-30_arm64-2023-04-30 a40e44c8] update last_rebase.sh
 1 file changed, 1 insertion(+), 1 deletion(-)
cluster-dns-operator embedded-component no change

cluster-kube-controller-manager-operator embedded-component no change

cluster-kube-scheduler-operator embedded-component no change

cluster-openshift-controller-manager-operator embedded-component no change

cluster-policy-controller embedded-component no change

etcd embedded-component no change

kubernetes embedded-component no change

openshift-controller-manager embedded-component no change

route-controller-manager embedded-component no change

service-ca-operator embedded-component no change

oc image-amd64 no change

coredns image-amd64 no change

ovn-kubernetes image-amd64 no change

kubernetes image-amd64 no change

service-ca-operator image-amd64 no change

oc image-arm64 no change

coredns image-arm64 no change

ovn-kubernetes image-arm64 no change

kubernetes image-arm64 no change

service-ca-operator image-arm64 no change

[34m## Committing changes to changelog[00m
[rebase-4.14.0-0.nightly-2023-04-30-235516_amd64-2023-04-30_arm64-2023-04-30 107292a5] update changelog
 2 files changed, 43 insertions(+), 101 deletions(-)
 rewrite scripts/auto-rebase/changelog.txt (97%)
[34m# Updating microshift/go.mod[00m
go mod edit -require github.com/openshift/cluster-policy-controller@62adf796a213b4c9758de9315cd3542ad33eb85a
go: downloading github.com/openshift/kubernetes/staging/src/k8s.io/apimachinery v0.0.0-20230414165222-d2e245fcc3f3
go: downloading github.com/openshift/build-machinery-go v0.0.0-20220913142420-e25cf57ea46d
go: downloading github.com/spf13/cobra v1.6.0
go: downloading github.com/spf13/pflag v1.0.5
go: downloading gopkg.in/yaml.v3 v3.0.1
go: downloading github.com/openshift/kubernetes/staging/src/k8s.io/apiextensions-apiserver v0.0.0-20230414165222-d2e245fcc3f3
go: downloading github.com/openshift/kubernetes/staging/src/k8s.io/component-base v0.0.0-20230414165222-d2e245fcc3f3
go: downloading github.com/openshift/api v0.0.0-20230208193339-068b2ae5534f
go: downloading github.com/openshift/client-go v0.0.0-20230120202327-72f107311084
go: downloading github.com/ghodss/yaml v1.0.0
go: downloading github.com/openshift/library-go v0.0.0-20230222090221-582055a1d5c4
go: downloading github.com/apparentlymart/go-cidr v1.1.0
go: downloading k8s.io/klog/v2 v2.80.1
go: downloading github.com/openshift/kubernetes/staging/src/k8s.io/api v0.0.0-20230414165222-d2e245fcc3f3
go: downloading github.com/openshift/kubernetes/staging/src/k8s.io/client-go v0.0.0-20230414165222-d2e245fcc3f3
go: downloading github.com/openshift/kubernetes/staging/src/k8s.io/kube-aggregator v0.0.0-20230414165222-d2e245fcc3f3
go: downloading github.com/openshift/cluster-policy-controller v0.0.0-20230424132259-62adf796a213
go: downloading github.com/openshift/route-controller-manager v0.0.0-20230424160305-8f894ac488ac
go: downloading go.etcd.io/etcd/client/pkg/v3 v3.5.5
go: downloading go.etcd.io/etcd/client/v3 v3.5.5
go: downloading github.com/openshift/kubernetes v0.0.0-20230414165222-d2e245fcc3f3
go: downloading github.com/google/go-cmp v0.5.9
go: downloading github.com/pkg/errors v0.9.1
go: downloading github.com/openshift/kubernetes/staging/src/k8s.io/cloud-provider v0.0.0-20230414165222-d2e245fcc3f3
go: downloading sigs.k8s.io/yaml v1.3.0
go: downloading github.com/stretchr/testify v1.8.0
go: downloading github.com/miekg/dns v1.1.35
go: downloading github.com/vishvananda/netlink v1.1.0
go: downloading github.com/openshift/kubernetes/staging/src/k8s.io/apiserver v0.0.0-20230414165222-d2e245fcc3f3
go: downloading github.com/openshift/kubernetes/staging/src/k8s.io/cli-runtime v0.0.0-20230414165222-d2e245fcc3f3
go: downloading github.com/openshift/kubernetes/staging/src/k8s.io/kubectl v0.0.0-20230414165222-d2e245fcc3f3
go: downloading golang.org/x/sys v0.6.0
go: downloading k8s.io/kube-openapi v0.0.0-20221012153701-172d655c2280
go: downloading github.com/coreos/go-systemd v0.0.0-20190321100706-95778dfbb74e
go: downloading github.com/inconshreveable/mousetrap v1.0.1
go: downloading gopkg.in/yaml.v2 v2.4.0
go: downloading github.com/gogo/protobuf v1.3.2
go: downloading github.com/google/gofuzz v1.2.0
go: downloading k8s.io/utils v0.0.0-20221107191617-1a15be271d1d
go: downloading github.com/go-logr/logr v1.2.3
go: downloading github.com/evanphx/json-patch v4.12.0+incompatible
go: downloading sigs.k8s.io/kube-storage-version-migrator v0.0.4
go: downloading github.com/davecgh/go-spew v1.1.1
go: downloading sigs.k8s.io/structured-merge-diff/v4 v4.2.3
go: downloading golang.org/x/net v0.8.0
go: downloading github.com/imdario/mergo v0.3.11
go: downloading golang.org/x/term v0.6.0
go: downloading go.etcd.io/etcd/api/v3 v3.5.5
go: downloading go.uber.org/zap v1.19.0
go: downloading google.golang.org/grpc v1.49.0
go: downloading golang.org/x/time v0.0.0-20220210224613-90d013bbcef8
go: downloading github.com/pmezard/go-difflib v1.0.0
go: downloading golang.org/x/crypto v0.1.0
go: downloading golang.org/x/sync v0.1.0
go: downloading github.com/vishvananda/netns v0.0.0-20200728191858-db3c7e526aae
go: downloading go.opentelemetry.io/otel/trace v1.10.0
go: downloading github.com/openshift/kubernetes/staging/src/k8s.io/kubelet v0.0.0-20230414165222-d2e245fcc3f3
go: downloading github.com/openshift/kubernetes/staging/src/k8s.io/kube-scheduler v0.0.0-20230414165222-d2e245fcc3f3
go: downloading github.com/fsnotify/fsnotify v1.6.0
go: downloading go.opentelemetry.io/otel v1.10.0
go: downloading github.com/coreos/go-systemd/v22 v22.3.2
go: downloading github.com/google/cadvisor v0.46.0
go: downloading github.com/opencontainers/runc v1.1.6
go: downloading go.opentelemetry.io/otel/exporters/otlp/otlptrace/otlptracegrpc v1.10.0
go: downloading go.opentelemetry.io/otel/sdk v1.10.0
go: downloading github.com/openshift/kubernetes/staging/src/k8s.io/csi-translation-lib v0.0.0-20230414165222-d2e245fcc3f3
go: downloading github.com/openshift/kubernetes/staging/src/k8s.io/mount-utils v0.0.0-20230414165222-d2e245fcc3f3
go: downloading go.opentelemetry.io/otel/exporters/otlp/otlptrace v1.10.0
go: downloading github.com/openshift/kubernetes/staging/src/k8s.io/controller-manager v0.0.0-20230414165222-d2e245fcc3f3
go: downloading gopkg.in/check.v1 v1.0.0-20200227125254-8fa46927fb4f
go: downloading github.com/openshift/kubernetes/staging/src/k8s.io/metrics v0.0.0-20230414165222-d2e245fcc3f3
go: downloading github.com/google/uuid v1.1.2
go: downloading github.com/openshift/kubernetes/staging/src/k8s.io/component-helpers v0.0.0-20230414165222-d2e245fcc3f3
go: downloading gopkg.in/inf.v0 v0.9.1
go: downloading sigs.k8s.io/json v0.0.0-20220713155537-f223a00ba0e2
go: downloading github.com/golang/groupcache v0.0.0-20210331224755-41bb18bfe9da
go: downloading github.com/prometheus/client_golang v1.14.0
go: downloading github.com/blang/semver/v4 v4.0.0
go: downloading github.com/prometheus/client_model v0.3.0
go: downloading github.com/prometheus/procfs v0.8.0
go: downloading github.com/blang/semver v3.5.1+incompatible
go: downloading github.com/prometheus/common v0.37.0
go: downloading github.com/golang/protobuf v1.5.2
go: downloading github.com/google/gnostic v0.5.7-v3refs
go: downloading google.golang.org/protobuf v1.28.1
go: downloading github.com/pkg/profile v1.3.0
go: downloading github.com/sirupsen/logrus v1.8.1
go: downloading github.com/emicklei/go-restful/v3 v3.9.0
go: downloading go.uber.org/atomic v1.7.0
go: downloading golang.org/x/oauth2 v0.0.0-20220411215720-9780585627b5
go: downloading github.com/json-iterator/go v1.1.12
go: downloading github.com/jonboulle/clockwork v0.2.2
go: downloading github.com/MakeNowJust/heredoc v1.0.0
go: downloading github.com/mitchellh/go-wordwrap v1.0.0
go: downloading github.com/russross/blackfriday/v2 v2.1.0
go: downloading google.golang.org/genproto v0.0.0-20220502173005-c8bf987b8c21
go: downloading github.com/coreos/go-semver v0.3.0
go: downloading go.uber.org/multierr v1.6.0
go: downloading go.uber.org/goleak v1.1.12
go: downloading github.com/benbjohnson/clock v1.1.0
go: downloading go.opentelemetry.io/contrib/instrumentation/net/http/otelhttp v0.35.0
go: downloading sigs.k8s.io/apiserver-network-proxy/konnectivity-client v0.0.35
go: downloading gopkg.in/natefinch/lumberjack.v2 v2.0.0
go: downloading github.com/moby/term v0.0.0-20220808134915-39b0c02b01ae
go: downloading github.com/openshift/apiserver-library-go v0.0.0-20230330194906-c22aa58bb574
go: downloading gopkg.in/square/go-jose.v2 v2.2.2
go: downloading github.com/openshift/kubernetes/staging/src/k8s.io/legacy-cloud-providers v0.0.0-20230414165222-d2e245fcc3f3
go: downloading github.com/aws/aws-sdk-go v1.44.116
go: downloading github.com/Azure/azure-sdk-for-go v55.0.0+incompatible
go: downloading github.com/Azure/go-autorest/autorest/adal v0.9.20
go: downloading github.com/Azure/go-autorest/autorest v0.11.27
go: downloading github.com/Azure/go-autorest/autorest/to v0.4.0
go: downloading github.com/Azure/go-autorest v14.2.0+incompatible
go: downloading github.com/opencontainers/selinux v1.10.0
go: downloading github.com/openshift/kubernetes/staging/src/k8s.io/cri-api v0.0.0-20230414165222-d2e245fcc3f3
go: downloading github.com/golang/mock v1.6.0
go: downloading github.com/docker/go-units v0.5.0
go: downloading go.opentelemetry.io/contrib/instrumentation/github.com/emicklei/go-restful/otelrestful v0.35.0
go: downloading github.com/Microsoft/go-winio v0.4.17
go: downloading github.com/container-storage-interface/spec v1.7.0
go: downloading github.com/libopenstorage/openstorage v1.0.0
go: downloading go.opentelemetry.io/otel/exporters/otlp/internal/retry v1.10.0
go: downloading go.opentelemetry.io/proto/otlp v0.19.0
go: downloading github.com/cyphar/filepath-securejoin v0.2.3
go: downloading github.com/moby/sys/mountinfo v0.6.2
go: downloading github.com/openshift/kubernetes/staging/src/k8s.io/kube-controller-manager v0.0.0-20230414165222-d2e245fcc3f3
go: downloading github.com/niemeyer/pretty v0.0.0-20200227124842-a10e7caefd8e
go: downloading github.com/openshift/kubernetes/staging/src/k8s.io/cluster-bootstrap v0.0.0-20230414165222-d2e245fcc3f3
go: downloading github.com/robfig/cron/v3 v3.0.1
go: downloading github.com/robfig/cron v1.2.0
go: downloading github.com/openshift/kubernetes/staging/src/k8s.io/dynamic-resource-allocation v0.0.0-20230414165222-d2e245fcc3f3
go: downloading github.com/liggitt/tabwriter v0.0.0-20181228230101-89fcab3d43de
go: downloading golang.org/x/text v0.8.0
go: downloading sigs.k8s.io/kustomize/api v0.12.1
go: downloading sigs.k8s.io/kustomize/kyaml v0.13.9
go: downloading github.com/gregjones/httpcache v0.0.0-20180305231024-9cad4c3443a7
go: downloading github.com/peterbourgon/diskv v2.0.1+incompatible
go: downloading github.com/karrick/godirwalk v1.17.0
go: downloading github.com/opencontainers/runtime-spec v1.0.3-0.20210326190908-1c3f411f0417
go: downloading github.com/containerd/typeurl v1.0.2
go: downloading github.com/mindprince/gonvml v0.0.0-20190828220739-9ebdce4bb989
go: downloading k8s.io/gengo v0.0.0-20220902162205-c0856e24416d
go: downloading github.com/matttproud/golang_protobuf_extensions v1.0.2
go: downloading github.com/beorn7/perks v1.0.1
go: downloading github.com/cespare/xxhash/v2 v2.1.2
go: downloading github.com/go-openapi/swag v0.19.14
go: downloading github.com/google/cel-go v0.12.6
go: downloading github.com/NYTimes/gziphandler v1.1.1
go: downloading github.com/munnerz/goautoneg v0.0.0-20191010083416-a7dc8b61c822
go: downloading github.com/openshift/onsi-ginkgo/v2 v2.4.1-0.20221214150008-e73634cb3870
go: downloading github.com/onsi/gomega v1.23.0
go: downloading github.com/go-openapi/jsonreference v0.20.0
go: downloading github.com/chai2010/gettext-go v1.0.2
go: downloading github.com/exponent-io/jsonpath v0.0.0-20151013193312-d6023ce2651d
go: downloading github.com/modern-go/concurrent v0.0.0-20180306012644-bacd9c7ef1dd
go: downloading github.com/modern-go/reflect2 v1.0.2
go: downloading github.com/openshift/kubernetes/staging/src/k8s.io/pod-security-admission v0.0.0-20230414165222-d2e245fcc3f3
go: downloading github.com/asaskevich/govalidator v0.0.0-20190424111038-f61b66f89f4a
go: downloading github.com/mitchellh/mapstructure v1.4.1
go: downloading github.com/felixge/httpsnoop v1.0.3
go: downloading go.opentelemetry.io/otel/metric v0.31.0
go: downloading github.com/grpc-ecosystem/go-grpc-prometheus v1.2.0
go: downloading go.opentelemetry.io/contrib/instrumentation/google.golang.org/grpc/otelgrpc v0.35.0
go: downloading github.com/BurntSushi/toml v0.3.1
go: downloading github.com/mxk/go-flowrate v0.0.0-20140419014527-cca7078d478f
go: downloading go.etcd.io/etcd/server/v3 v3.5.5
go: downloading github.com/creack/pty v1.1.11
go: downloading gotest.tools/v3 v3.0.3
go: downloading github.com/onsi/ginkgo v1.11.0
go: downloading github.com/hashicorp/golang-lru v0.5.1
go: downloading github.com/docker/distribution v2.8.1+incompatible
go: downloading github.com/coreos/go-oidc v2.1.0+incompatible
go: downloading gopkg.in/gcfg.v1 v1.2.0
go: downloading github.com/vmware/govmomi v0.20.3
go: downloading cloud.google.com/go v0.97.0
go: downloading github.com/GoogleCloudPlatform/k8s-cloud-provider v1.18.1-0.20220218231025-f11817397a1b
go: downloading google.golang.org/api v0.60.0
go: downloading github.com/rubiojr/go-vhd v0.0.0-20200706105327-02e210299021
go: downloading github.com/Azure/go-autorest/logger v0.2.1
go: downloading github.com/Azure/go-autorest/tracing v0.6.0
go: downloading github.com/Azure/go-autorest/autorest/mocks v0.4.2
go: downloading github.com/Azure/go-autorest/autorest/date v0.3.0
go: downloading github.com/golang-jwt/jwt/v4 v4.2.0
go: downloading github.com/armon/circbuf v0.0.0-20150827004946-bbbad097214e
go: downloading github.com/Microsoft/hcsshim v0.8.22
go: downloading github.com/JeffAshton/win_pdh v0.0.0-20161109143554-76bb4ee9f0ab
go: downloading github.com/lithammer/dedent v1.1.0
go: downloading github.com/mistifyio/go-zfs v2.1.2-0.20190413222219-f784269be439+incompatible
go: downloading github.com/godbus/dbus/v5 v5.0.6
go: downloading go.opentelemetry.io/contrib/propagators/b3 v1.10.0
go: downloading github.com/moby/spdystream v0.2.0
go: downloading go.opentelemetry.io/contrib v0.20.0
go: downloading github.com/armon/go-socks5 v0.0.0-20160902184237-e75332964ef5
go: downloading github.com/elazarl/goproxy v0.0.0-20180725130230-947c36da3153
go: downloading github.com/mohae/deepcopy v0.0.0-20170603005431-491d3605edfb
go: downloading github.com/go-logr/stdr v1.2.2
go: downloading github.com/cenkalti/backoff/v4 v4.1.3
go: downloading github.com/grpc-ecosystem/grpc-gateway/v2 v2.7.0
go: downloading github.com/kr/text v0.2.0
go: downloading github.com/google/btree v1.0.1
go: downloading github.com/containerd/ttrpc v1.1.0
go: downloading github.com/opencontainers/go-digest v1.0.0
go: downloading github.com/euank/go-kmsg-parser v2.0.0+incompatible
go: downloading golang.org/x/tools v0.6.0
go: downloading github.com/mailru/easyjson v0.7.6
go: downloading github.com/stoewer/go-strcase v1.2.0
go: downloading github.com/go-openapi/jsonpointer v0.19.5
go: downloading github.com/fvbommel/sortorder v1.0.1
go: downloading google.golang.org/appengine v1.6.7
go: downloading github.com/openshift/kubernetes/staging/src/k8s.io/kms v0.0.0-20230414165222-d2e245fcc3f3
go: downloading github.com/Azure/go-ansiterm v0.0.0-20210617225240-d185dfc1b5a1
go: downloading github.com/grpc-ecosystem/grpc-gateway v1.16.0
go: downloading github.com/soheilhy/cmux v0.1.5
go: downloading github.com/tmc/grpc-websocket-proxy v0.0.0-20201229170055-e5319fda7802
go: downloading go.etcd.io/bbolt v1.3.6
go: downloading go.etcd.io/etcd/pkg/v3 v3.5.5
go: downloading github.com/stretchr/objx v0.4.0
go: downloading github.com/pquerna/cachecontrol v0.1.0
go: downloading gopkg.in/warnings.v0 v0.1.1
go: downloading github.com/go-errors/errors v1.0.1
go: downloading github.com/checkpoint-restore/go-criu/v5 v5.3.0
go: downloading github.com/containerd/console v1.0.3
go: downloading github.com/mrunalp/fileutils v0.5.0
go: downloading github.com/docker/docker v20.10.18+incompatible
go: downloading github.com/docker/go-connections v0.4.0
go: downloading github.com/jmespath/go-jmespath v0.4.0
go: downloading github.com/josharian/intern v1.0.0
go: downloading github.com/antlr/antlr4/runtime/Go/antlr v1.4.10
go: downloading github.com/fatih/camelcase v1.0.0
go: downloading github.com/go-ldap/ldap/v3 v3.4.3
go: downloading github.com/gorilla/websocket v1.4.2
go: downloading go.etcd.io/etcd/raft/v3 v3.5.5
go: downloading github.com/dustin/go-humanize v1.0.0
go: downloading github.com/xiang90/probing v0.0.0-20190116061207-43a291ad63a2
go: downloading github.com/grpc-ecosystem/go-grpc-middleware v1.3.0
go: downloading github.com/googleapis/gax-go/v2 v2.1.1
go: downloading go.opencensus.io v0.23.0
go: downloading github.com/cilium/ebpf v0.7.0
go: downloading github.com/google/shlex v0.0.0-20191202100458-e7afc7fbc510
go: downloading github.com/monochromegane/go-gitignore v0.0.0-20200626010858-205db1a8cc00
go: downloading github.com/xlab/treeprint v1.1.0
go: downloading github.com/golang/glog v1.0.0
go: downloading github.com/syndtr/gocapability v0.0.0-20200815063812-42c35b437635
go: downloading github.com/seccomp/libseccomp-golang v0.9.2-0.20220502022130-f33da4d89646
go: downloading github.com/opencontainers/image-spec v1.0.2
go: downloading github.com/jmespath/go-jmespath/internal/testify v1.5.1
go: downloading github.com/Azure/go-ntlmssp v0.0.0-20211209120228-48547f28849e
go: downloading github.com/go-asn1-ber/asn1-ber v1.5.4
go: downloading github.com/form3tech-oss/jwt-go v3.2.3+incompatible
go: downloading go.etcd.io/etcd/client/v2 v2.305.5
go: downloading golang.org/x/mod v0.8.0
go: downloading github.com/frankban/quicktest v1.11.3
go: downloading github.com/containerd/cgroups v1.0.1
go: downloading github.com/kr/pretty v0.2.1
go: downloading go.starlark.net v0.0.0-20200306205701-8dd3e2ee1dd5
go: downloading github.com/sergi/go-diff v1.1.0
go: downloading github.com/Azure/go-autorest/autorest/validation v0.1.0
go: downloading github.com/dnaeon/go-vcr v1.2.0
go: downloading github.com/gofrs/uuid v4.0.0+incompatible
go mod edit -require github.com/openshift/route-controller-manager@8f894ac488ac3bcf6a89780733ec93ca4c70ed1e
go mod edit -replace k8s.io/api=github.com/openshift/kubernetes/staging/src/k8s.io/api@d2e245fcc3f3d67b3bbedfe317ad0106f1b23f5d
go mod edit -replace k8s.io/apiextensions-apiserver=github.com/openshift/kubernetes/staging/src/k8s.io/apiextensions-apiserver@v0.0.0-20230414165222-d2e245fcc3f3
go mod edit -replace k8s.io/apimachinery=github.com/openshift/kubernetes/staging/src/k8s.io/apimachinery@v0.0.0-20230414165222-d2e245fcc3f3
go mod edit -replace k8s.io/apiserver=github.com/openshift/kubernetes/staging/src/k8s.io/apiserver@v0.0.0-20230414165222-d2e245fcc3f3
go mod edit -replace k8s.io/cli-runtime=github.com/openshift/kubernetes/staging/src/k8s.io/cli-runtime@v0.0.0-20230414165222-d2e245fcc3f3
go mod edit -replace k8s.io/client-go=github.com/openshift/kubernetes/staging/src/k8s.io/client-go@v0.0.0-20230414165222-d2e245fcc3f3
go mod edit -replace k8s.io/cloud-provider=github.com/openshift/kubernetes/staging/src/k8s.io/cloud-provider@v0.0.0-20230414165222-d2e245fcc3f3
go mod edit -replace k8s.io/cluster-bootstrap=github.com/openshift/kubernetes/staging/src/k8s.io/cluster-bootstrap@v0.0.0-20230414165222-d2e245fcc3f3
go mod edit -replace k8s.io/code-generator=github.com/openshift/kubernetes/staging/src/k8s.io/code-generator@v0.0.0-20230414165222-d2e245fcc3f3
go mod edit -replace k8s.io/component-base=github.com/openshift/kubernetes/staging/src/k8s.io/component-base@v0.0.0-20230414165222-d2e245fcc3f3
go mod edit -replace k8s.io/component-helpers=github.com/openshift/kubernetes/staging/src/k8s.io/component-helpers@v0.0.0-20230414165222-d2e245fcc3f3
go mod edit -replace k8s.io/controller-manager=github.com/openshift/kubernetes/staging/src/k8s.io/controller-manager@v0.0.0-20230414165222-d2e245fcc3f3
go mod edit -replace k8s.io/cri-api=github.com/openshift/kubernetes/staging/src/k8s.io/cri-api@v0.0.0-20230414165222-d2e245fcc3f3
go mod edit -replace k8s.io/csi-translation-lib=github.com/openshift/kubernetes/staging/src/k8s.io/csi-translation-lib@v0.0.0-20230414165222-d2e245fcc3f3
go mod edit -replace k8s.io/dynamic-resource-allocation=github.com/openshift/kubernetes/staging/src/k8s.io/dynamic-resource-allocation@v0.0.0-20230414165222-d2e245fcc3f3
go mod edit -replace k8s.io/kms=github.com/openshift/kubernetes/staging/src/k8s.io/kms@v0.0.0-20230414165222-d2e245fcc3f3
go mod edit -replace k8s.io/kube-aggregator=github.com/openshift/kubernetes/staging/src/k8s.io/kube-aggregator@v0.0.0-20230414165222-d2e245fcc3f3
go mod edit -replace k8s.io/kube-controller-manager=github.com/openshift/kubernetes/staging/src/k8s.io/kube-controller-manager@v0.0.0-20230414165222-d2e245fcc3f3
go mod edit -replace k8s.io/kube-proxy=github.com/openshift/kubernetes/staging/src/k8s.io/kube-proxy@v0.0.0-20230414165222-d2e245fcc3f3
go mod edit -replace k8s.io/kube-scheduler=github.com/openshift/kubernetes/staging/src/k8s.io/kube-scheduler@v0.0.0-20230414165222-d2e245fcc3f3
go mod edit -replace k8s.io/kubectl=github.com/openshift/kubernetes/staging/src/k8s.io/kubectl@v0.0.0-20230414165222-d2e245fcc3f3
go mod edit -replace k8s.io/kubelet=github.com/openshift/kubernetes/staging/src/k8s.io/kubelet@v0.0.0-20230414165222-d2e245fcc3f3
go mod edit -replace k8s.io/legacy-cloud-providers=github.com/openshift/kubernetes/staging/src/k8s.io/legacy-cloud-providers@v0.0.0-20230414165222-d2e245fcc3f3
go mod edit -replace k8s.io/metrics=github.com/openshift/kubernetes/staging/src/k8s.io/metrics@v0.0.0-20230414165222-d2e245fcc3f3
go mod edit -replace k8s.io/mount-utils=github.com/openshift/kubernetes/staging/src/k8s.io/mount-utils@v0.0.0-20230414165222-d2e245fcc3f3
go mod edit -replace k8s.io/pod-security-admission=github.com/openshift/kubernetes/staging/src/k8s.io/pod-security-admission@v0.0.0-20230414165222-d2e245fcc3f3
go mod edit -replace k8s.io/sample-apiserver=github.com/openshift/kubernetes/staging/src/k8s.io/sample-apiserver@v0.0.0-20230414165222-d2e245fcc3f3
go mod edit -replace k8s.io/sample-cli-plugin=github.com/openshift/kubernetes/staging/src/k8s.io/sample-cli-plugin@v0.0.0-20230414165222-d2e245fcc3f3
go mod edit -replace k8s.io/sample-controller=github.com/openshift/kubernetes/staging/src/k8s.io/sample-controller@v0.0.0-20230414165222-d2e245fcc3f3
go mod edit -replace github.com/onsi/ginkgo/v2=github.com/openshift/onsi-ginkgo/v2@v2.4.1-0.20221214150008-e73634cb3870
go mod edit -replace k8s.io/api=github.com/openshift/kubernetes/staging/src/k8s.io/api@v0.0.0-20230414165222-d2e245fcc3f3
go mod edit -replace k8s.io/apiextensions-apiserver=github.com/openshift/kubernetes/staging/src/k8s.io/apiextensions-apiserver@v0.0.0-20230414165222-d2e245fcc3f3
go mod edit -replace k8s.io/apimachinery=github.com/openshift/kubernetes/staging/src/k8s.io/apimachinery@v0.0.0-20230414165222-d2e245fcc3f3
go mod edit -replace k8s.io/apiserver=github.com/openshift/kubernetes/staging/src/k8s.io/apiserver@v0.0.0-20230414165222-d2e245fcc3f3
go mod edit -replace k8s.io/cli-runtime=github.com/openshift/kubernetes/staging/src/k8s.io/cli-runtime@v0.0.0-20230414165222-d2e245fcc3f3
go mod edit -replace k8s.io/client-go=github.com/openshift/kubernetes/staging/src/k8s.io/client-go@v0.0.0-20230414165222-d2e245fcc3f3
go mod edit -replace k8s.io/cloud-provider=github.com/openshift/kubernetes/staging/src/k8s.io/cloud-provider@v0.0.0-20230414165222-d2e245fcc3f3
go mod edit -replace k8s.io/cluster-bootstrap=github.com/openshift/kubernetes/staging/src/k8s.io/cluster-bootstrap@v0.0.0-20230414165222-d2e245fcc3f3
go mod edit -replace k8s.io/code-generator=github.com/openshift/kubernetes/staging/src/k8s.io/code-generator@v0.0.0-20230414165222-d2e245fcc3f3
go mod edit -replace k8s.io/component-base=github.com/openshift/kubernetes/staging/src/k8s.io/component-base@v0.0.0-20230414165222-d2e245fcc3f3
go mod edit -replace k8s.io/component-helpers=github.com/openshift/kubernetes/staging/src/k8s.io/component-helpers@v0.0.0-20230414165222-d2e245fcc3f3
go mod edit -replace k8s.io/controller-manager=github.com/openshift/kubernetes/staging/src/k8s.io/controller-manager@v0.0.0-20230414165222-d2e245fcc3f3
go mod edit -replace k8s.io/cri-api=github.com/openshift/kubernetes/staging/src/k8s.io/cri-api@v0.0.0-20230414165222-d2e245fcc3f3
go mod edit -replace k8s.io/csi-translation-lib=github.com/openshift/kubernetes/staging/src/k8s.io/csi-translation-lib@v0.0.0-20230414165222-d2e245fcc3f3
go mod edit -replace k8s.io/dynamic-resource-allocation=github.com/openshift/kubernetes/staging/src/k8s.io/dynamic-resource-allocation@v0.0.0-20230414165222-d2e245fcc3f3
go mod edit -replace k8s.io/kms=github.com/openshift/kubernetes/staging/src/k8s.io/kms@v0.0.0-20230414165222-d2e245fcc3f3
go mod edit -replace k8s.io/kube-aggregator=github.com/openshift/kubernetes/staging/src/k8s.io/kube-aggregator@v0.0.0-20230414165222-d2e245fcc3f3
go mod edit -replace k8s.io/kube-controller-manager=github.com/openshift/kubernetes/staging/src/k8s.io/kube-controller-manager@v0.0.0-20230414165222-d2e245fcc3f3
go mod edit -replace k8s.io/kube-proxy=github.com/openshift/kubernetes/staging/src/k8s.io/kube-proxy@v0.0.0-20230414165222-d2e245fcc3f3
go mod edit -replace k8s.io/kube-scheduler=github.com/openshift/kubernetes/staging/src/k8s.io/kube-scheduler@v0.0.0-20230414165222-d2e245fcc3f3
go mod edit -replace k8s.io/kubectl=github.com/openshift/kubernetes/staging/src/k8s.io/kubectl@v0.0.0-20230414165222-d2e245fcc3f3
go mod edit -replace k8s.io/kubelet=github.com/openshift/kubernetes/staging/src/k8s.io/kubelet@v0.0.0-20230414165222-d2e245fcc3f3
go mod edit -replace k8s.io/kubernetes=github.com/openshift/kubernetes@v0.0.0-20230414165222-d2e245fcc3f3
go mod edit -replace k8s.io/legacy-cloud-providers=github.com/openshift/kubernetes/staging/src/k8s.io/legacy-cloud-providers@v0.0.0-20230414165222-d2e245fcc3f3
go mod edit -replace k8s.io/metrics=github.com/openshift/kubernetes/staging/src/k8s.io/metrics@v0.0.0-20230414165222-d2e245fcc3f3
go mod edit -replace k8s.io/mount-utils=github.com/openshift/kubernetes/staging/src/k8s.io/mount-utils@v0.0.0-20230414165222-d2e245fcc3f3
go mod edit -replace k8s.io/pod-security-admission=github.com/openshift/kubernetes/staging/src/k8s.io/pod-security-admission@v0.0.0-20230414165222-d2e245fcc3f3
go mod edit -replace k8s.io/sample-apiserver=github.com/openshift/kubernetes/staging/src/k8s.io/sample-apiserver@v0.0.0-20230414165222-d2e245fcc3f3
go mod edit -replace k8s.io/sample-cli-plugin=github.com/openshift/kubernetes/staging/src/k8s.io/sample-cli-plugin@v0.0.0-20230414165222-d2e245fcc3f3
go mod edit -replace k8s.io/sample-controller=github.com/openshift/kubernetes/staging/src/k8s.io/sample-controller@v0.0.0-20230414165222-d2e245fcc3f3
[34m# Updating etcd/go.mod[00m
go mod edit -require github.com/openshift/cluster-policy-controller@62adf796a213b4c9758de9315cd3542ad33eb85a
go: downloading github.com/openshift/etcd/server/v3 v3.5.1-0.20230323125716-53cdd6b0519f
go: downloading github.com/openshift/etcd/api/v3 v3.5.1-0.20230323125716-53cdd6b0519f
go: downloading github.com/openshift/etcd/client/pkg/v3 v3.5.1-0.20230323125716-53cdd6b0519f
go: downloading github.com/openshift/etcd/client/v3 v3.5.1-0.20230323125716-53cdd6b0519f
go: downloading github.com/openshift/etcd/pkg/v3 v3.5.1-0.20230323125716-53cdd6b0519f
go: downloading github.com/openshift/etcd/raft/v3 v3.5.1-0.20230323125716-53cdd6b0519f
go: downloading github.com/golang-jwt/jwt/v4 v4.4.2
go: downloading go.etcd.io/etcd/client/v2 v2.305.6
go: downloading github.com/cockroachdb/datadriven v0.0.0-20200714090401-bf6692d28da5
go: downloading github.com/cockroachdb/errors v1.2.4
go: downloading github.com/cockroachdb/logtags v0.0.0-20190617123548-eb05cc24525f
go: downloading github.com/getsentry/raven-go v0.2.0
go: downloading github.com/certifi/gocertifi v0.0.0-20200922220541-2c3bb06c6054
go mod edit -require github.com/openshift/route-controller-manager@8f894ac488ac3bcf6a89780733ec93ca4c70ed1e
go mod edit -replace k8s.io/api=github.com/openshift/kubernetes/staging/src/k8s.io/api@v0.0.0-20230414165222-d2e245fcc3f3
go mod edit -replace k8s.io/apiextensions-apiserver=github.com/openshift/kubernetes/staging/src/k8s.io/apiextensions-apiserver@v0.0.0-20230414165222-d2e245fcc3f3
go mod edit -replace k8s.io/apimachinery=github.com/openshift/kubernetes/staging/src/k8s.io/apimachinery@v0.0.0-20230414165222-d2e245fcc3f3
go mod edit -replace k8s.io/apiserver=github.com/openshift/kubernetes/staging/src/k8s.io/apiserver@v0.0.0-20230414165222-d2e245fcc3f3
go mod edit -replace k8s.io/cli-runtime=github.com/openshift/kubernetes/staging/src/k8s.io/cli-runtime@v0.0.0-20230414165222-d2e245fcc3f3
go mod edit -replace k8s.io/client-go=github.com/openshift/kubernetes/staging/src/k8s.io/client-go@v0.0.0-20230414165222-d2e245fcc3f3
go mod edit -replace k8s.io/cloud-provider=github.com/openshift/kubernetes/staging/src/k8s.io/cloud-provider@v0.0.0-20230414165222-d2e245fcc3f3
go mod edit -replace k8s.io/cluster-bootstrap=github.com/openshift/kubernetes/staging/src/k8s.io/cluster-bootstrap@v0.0.0-20230414165222-d2e245fcc3f3
go mod edit -replace k8s.io/code-generator=github.com/openshift/kubernetes/staging/src/k8s.io/code-generator@v0.0.0-20230414165222-d2e245fcc3f3
go mod edit -replace k8s.io/component-base=github.com/openshift/kubernetes/staging/src/k8s.io/component-base@v0.0.0-20230414165222-d2e245fcc3f3
go mod edit -replace k8s.io/component-helpers=github.com/openshift/kubernetes/staging/src/k8s.io/component-helpers@v0.0.0-20230414165222-d2e245fcc3f3
go mod edit -replace k8s.io/controller-manager=github.com/openshift/kubernetes/staging/src/k8s.io/controller-manager@v0.0.0-20230414165222-d2e245fcc3f3
go mod edit -replace k8s.io/cri-api=github.com/openshift/kubernetes/staging/src/k8s.io/cri-api@v0.0.0-20230414165222-d2e245fcc3f3
go mod edit -replace k8s.io/csi-translation-lib=github.com/openshift/kubernetes/staging/src/k8s.io/csi-translation-lib@v0.0.0-20230414165222-d2e245fcc3f3
go mod edit -replace k8s.io/dynamic-resource-allocation=github.com/openshift/kubernetes/staging/src/k8s.io/dynamic-resource-allocation@v0.0.0-20230414165222-d2e245fcc3f3
go mod edit -replace k8s.io/kms=github.com/openshift/kubernetes/staging/src/k8s.io/kms@v0.0.0-20230414165222-d2e245fcc3f3
go mod edit -replace k8s.io/kube-aggregator=github.com/openshift/kubernetes/staging/src/k8s.io/kube-aggregator@v0.0.0-20230414165222-d2e245fcc3f3
go mod edit -replace k8s.io/kube-controller-manager=github.com/openshift/kubernetes/staging/src/k8s.io/kube-controller-manager@v0.0.0-20230414165222-d2e245fcc3f3
go mod edit -replace k8s.io/kube-proxy=github.com/openshift/kubernetes/staging/src/k8s.io/kube-proxy@v0.0.0-20230414165222-d2e245fcc3f3
go mod edit -replace k8s.io/kube-scheduler=github.com/openshift/kubernetes/staging/src/k8s.io/kube-scheduler@v0.0.0-20230414165222-d2e245fcc3f3
go mod edit -replace k8s.io/kubectl=github.com/openshift/kubernetes/staging/src/k8s.io/kubectl@v0.0.0-20230414165222-d2e245fcc3f3
go mod edit -replace k8s.io/kubelet=github.com/openshift/kubernetes/staging/src/k8s.io/kubelet@v0.0.0-20230414165222-d2e245fcc3f3
go mod edit -replace k8s.io/legacy-cloud-providers=github.com/openshift/kubernetes/staging/src/k8s.io/legacy-cloud-providers@v0.0.0-20230414165222-d2e245fcc3f3
go mod edit -replace k8s.io/metrics=github.com/openshift/kubernetes/staging/src/k8s.io/metrics@v0.0.0-20230414165222-d2e245fcc3f3
go mod edit -replace k8s.io/mount-utils=github.com/openshift/kubernetes/staging/src/k8s.io/mount-utils@v0.0.0-20230414165222-d2e245fcc3f3
go mod edit -replace k8s.io/pod-security-admission=github.com/openshift/kubernetes/staging/src/k8s.io/pod-security-admission@v0.0.0-20230414165222-d2e245fcc3f3
go mod edit -replace k8s.io/sample-apiserver=github.com/openshift/kubernetes/staging/src/k8s.io/sample-apiserver@v0.0.0-20230414165222-d2e245fcc3f3
go mod edit -replace k8s.io/sample-cli-plugin=github.com/openshift/kubernetes/staging/src/k8s.io/sample-cli-plugin@v0.0.0-20230414165222-d2e245fcc3f3
go mod edit -replace k8s.io/sample-controller=github.com/openshift/kubernetes/staging/src/k8s.io/sample-controller@v0.0.0-20230414165222-d2e245fcc3f3
skipping modulepath github.com/openshift/microshift: no or unknown command []
skipping modulepath github.com/openshift/microshift/pkg/config: no or unknown command []
skipping modulepath github.com/openshift/microshift/pkg/util/cryptomaterial: no or unknown command []
go mod edit -replace github.com/onsi/ginkgo/v2=github.com/openshift/onsi-ginkgo/v2@v2.4.1-0.20221214150008-e73634cb3870
go mod edit -replace go.etcd.io/etcd/api/v3=github.com/openshift/etcd/api/v3@53cdd6b0519f0e57da9032b473465799bba4b1a0
go mod edit -replace go.etcd.io/etcd/client/pkg/v3=github.com/openshift/etcd/client/pkg/v3@v3.5.1-0.20230323125716-53cdd6b0519f
go mod edit -replace go.etcd.io/etcd/client/v3=github.com/openshift/etcd/client/v3@v3.5.1-0.20230323125716-53cdd6b0519f
go mod edit -replace go.etcd.io/etcd/pkg/v3=github.com/openshift/etcd/pkg/v3@v3.5.1-0.20230323125716-53cdd6b0519f
go mod edit -replace go.etcd.io/etcd/raft/v3=github.com/openshift/etcd/raft/v3@v3.5.1-0.20230323125716-53cdd6b0519f
go mod edit -replace go.etcd.io/etcd/server/v3=github.com/openshift/etcd/server/v3@v3.5.1-0.20230323125716-53cdd6b0519f
go mod edit -replace k8s.io/api=github.com/openshift/kubernetes/staging/src/k8s.io/api@v0.0.0-20230414165222-d2e245fcc3f3
go mod edit -replace k8s.io/apiextensions-apiserver=github.com/openshift/kubernetes/staging/src/k8s.io/apiextensions-apiserver@v0.0.0-20230414165222-d2e245fcc3f3
go mod edit -replace k8s.io/apimachinery=github.com/openshift/kubernetes/staging/src/k8s.io/apimachinery@v0.0.0-20230414165222-d2e245fcc3f3
go mod edit -replace k8s.io/apiserver=github.com/openshift/kubernetes/staging/src/k8s.io/apiserver@v0.0.0-20230414165222-d2e245fcc3f3
go mod edit -replace k8s.io/cli-runtime=github.com/openshift/kubernetes/staging/src/k8s.io/cli-runtime@v0.0.0-20230414165222-d2e245fcc3f3
go mod edit -replace k8s.io/client-go=github.com/openshift/kubernetes/staging/src/k8s.io/client-go@v0.0.0-20230414165222-d2e245fcc3f3
go mod edit -replace k8s.io/cloud-provider=github.com/openshift/kubernetes/staging/src/k8s.io/cloud-provider@v0.0.0-20230414165222-d2e245fcc3f3
go mod edit -replace k8s.io/cluster-bootstrap=github.com/openshift/kubernetes/staging/src/k8s.io/cluster-bootstrap@v0.0.0-20230414165222-d2e245fcc3f3
go mod edit -replace k8s.io/code-generator=github.com/openshift/kubernetes/staging/src/k8s.io/code-generator@v0.0.0-20230414165222-d2e245fcc3f3
go mod edit -replace k8s.io/component-base=github.com/openshift/kubernetes/staging/src/k8s.io/component-base@v0.0.0-20230414165222-d2e245fcc3f3
go mod edit -replace k8s.io/component-helpers=github.com/openshift/kubernetes/staging/src/k8s.io/component-helpers@v0.0.0-20230414165222-d2e245fcc3f3
go mod edit -replace k8s.io/controller-manager=github.com/openshift/kubernetes/staging/src/k8s.io/controller-manager@v0.0.0-20230414165222-d2e245fcc3f3
go mod edit -replace k8s.io/cri-api=github.com/openshift/kubernetes/staging/src/k8s.io/cri-api@v0.0.0-20230414165222-d2e245fcc3f3
go mod edit -replace k8s.io/csi-translation-lib=github.com/openshift/kubernetes/staging/src/k8s.io/csi-translation-lib@v0.0.0-20230414165222-d2e245fcc3f3
go mod edit -replace k8s.io/dynamic-resource-allocation=github.com/openshift/kubernetes/staging/src/k8s.io/dynamic-resource-allocation@v0.0.0-20230414165222-d2e245fcc3f3
go mod edit -replace k8s.io/kms=github.com/openshift/kubernetes/staging/src/k8s.io/kms@v0.0.0-20230414165222-d2e245fcc3f3
go mod edit -replace k8s.io/kube-aggregator=github.com/openshift/kubernetes/staging/src/k8s.io/kube-aggregator@v0.0.0-20230414165222-d2e245fcc3f3
go mod edit -replace k8s.io/kube-controller-manager=github.com/openshift/kubernetes/staging/src/k8s.io/kube-controller-manager@v0.0.0-20230414165222-d2e245fcc3f3
go mod edit -replace k8s.io/kube-proxy=github.com/openshift/kubernetes/staging/src/k8s.io/kube-proxy@v0.0.0-20230414165222-d2e245fcc3f3
go mod edit -replace k8s.io/kube-scheduler=github.com/openshift/kubernetes/staging/src/k8s.io/kube-scheduler@v0.0.0-20230414165222-d2e245fcc3f3
go mod edit -replace k8s.io/kubectl=github.com/openshift/kubernetes/staging/src/k8s.io/kubectl@v0.0.0-20230414165222-d2e245fcc3f3
go mod edit -replace k8s.io/kubelet=github.com/openshift/kubernetes/staging/src/k8s.io/kubelet@v0.0.0-20230414165222-d2e245fcc3f3
go mod edit -replace k8s.io/legacy-cloud-providers=github.com/openshift/kubernetes/staging/src/k8s.io/legacy-cloud-providers@v0.0.0-20230414165222-d2e245fcc3f3
go mod edit -replace k8s.io/metrics=github.com/openshift/kubernetes/staging/src/k8s.io/metrics@v0.0.0-20230414165222-d2e245fcc3f3
go mod edit -replace k8s.io/mount-utils=github.com/openshift/kubernetes/staging/src/k8s.io/mount-utils@v0.0.0-20230414165222-d2e245fcc3f3
go mod edit -replace k8s.io/pod-security-admission=github.com/openshift/kubernetes/staging/src/k8s.io/pod-security-admission@v0.0.0-20230414165222-d2e245fcc3f3
go mod edit -replace k8s.io/sample-apiserver=github.com/openshift/kubernetes/staging/src/k8s.io/sample-apiserver@v0.0.0-20230414165222-d2e245fcc3f3
go mod edit -replace k8s.io/sample-cli-plugin=github.com/openshift/kubernetes/staging/src/k8s.io/sample-cli-plugin@v0.0.0-20230414165222-d2e245fcc3f3
go mod edit -replace k8s.io/sample-controller=github.com/openshift/kubernetes/staging/src/k8s.io/sample-controller@v0.0.0-20230414165222-d2e245fcc3f3
No changes in microshift/go.mod.
No changes in etcd/go.mod.
[34mRebasing release_*.json[00m
/go/src/github.com/openshift/microshift/_output/staging/lvms /go/src/github.com/openshift/microshift
/go/src/github.com/openshift/microshift
No changes in component images.
[34mCopying manifests[00m
2023-05-01 05:09:16,286     INFO       Clearing directory assets/components/openshift-dns/dns/
2023-05-01 05:09:16,287     DEBUG      Copying assets/components/openshift-dns/dns/cluster-role-binding.yaml <- _output/staging/cluster-dns-operator/assets/dns/cluster-role-binding.yaml
2023-05-01 05:09:16,288     DEBUG      Copying assets/components/openshift-dns/dns/cluster-role.yaml <- _output/staging/cluster-dns-operator/assets/dns/cluster-role.yaml
2023-05-01 05:09:16,289     INFO       Restoring assets/components/openshift-dns/dns/configmap.yaml
2023-05-01 05:09:16,289     DEBUG      Executing 'git restore assets/components/openshift-dns/dns/configmap.yaml'
2023-05-01 05:09:16,305     DEBUG      Copying assets/components/openshift-dns/dns/daemonset.yaml <- _output/staging/cluster-dns-operator/assets/dns/daemonset.yaml
2023-05-01 05:09:16,305     DEBUG      Copying assets/components/openshift-dns/dns/namespace.yaml <- _output/staging/cluster-dns-operator/assets/dns/namespace.yaml
2023-05-01 05:09:16,306     DEBUG      Copying assets/components/openshift-dns/dns/service-account.yaml <- _output/staging/cluster-dns-operator/assets/dns/service-account.yaml
2023-05-01 05:09:16,307     DEBUG      Copying assets/components/openshift-dns/dns/service.yaml <- _output/staging/cluster-dns-operator/assets/dns/service.yaml
2023-05-01 05:09:16,309     INFO       Clearing directory assets/components/openshift-dns/node-resolver
2023-05-01 05:09:16,309     WARNING    Ignoring components/openshift-dns/node-resolver/daemonset.yaml because it's created by processing daemonset.yaml.tmpl
2023-05-01 05:09:16,309     INFO       Restoring assets/components/openshift-dns/node-resolver/daemonset.yaml.tmpl
2023-05-01 05:09:16,309     DEBUG      Executing 'git restore assets/components/openshift-dns/node-resolver/daemonset.yaml.tmpl'
2023-05-01 05:09:16,327     DEBUG      Copying assets/components/openshift-dns/node-resolver/service-account.yaml <- _output/staging/cluster-dns-operator/assets/node-resolver/service-account.yaml
2023-05-01 05:09:16,328     DEBUG      Copying assets/components/openshift-dns/node-resolver/update-node-resolver.sh <- _output/staging/cluster-dns-operator/assets/node-resolver/update-node-resolver.sh
2023-05-01 05:09:16,329     INFO       Clearing directory assets/components/openshift-router/
2023-05-01 05:09:16,329     DEBUG      Copying assets/components/openshift-router/cluster-role-binding.yaml <- _output/staging/cluster-ingress-operator/assets/router/cluster-role-binding.yaml
2023-05-01 05:09:16,330     DEBUG      Copying assets/components/openshift-router/cluster-role.yaml <- _output/staging/cluster-ingress-operator/assets/router/cluster-role.yaml
2023-05-01 05:09:16,331     INFO       Restoring assets/components/openshift-router/configmap.yaml
2023-05-01 05:09:16,331     DEBUG      Executing 'git restore assets/components/openshift-router/configmap.yaml'
2023-05-01 05:09:16,347     DEBUG      Copying assets/components/openshift-router/deployment.yaml <- _output/staging/cluster-ingress-operator/assets/router/deployment.yaml
2023-05-01 05:09:16,348     DEBUG      Copying assets/components/openshift-router/namespace.yaml <- _output/staging/cluster-ingress-operator/assets/router/namespace.yaml
2023-05-01 05:09:16,349     DEBUG      Copying assets/components/openshift-router/service-account.yaml <- _output/staging/cluster-ingress-operator/assets/router/service-account.yaml
2023-05-01 05:09:16,349     DEBUG      Copying assets/components/openshift-router/service-internal.yaml <- _output/staging/cluster-ingress-operator/assets/router/service-internal.yaml
2023-05-01 05:09:16,350     INFO       Restoring assets/components/openshift-router/serving-certificate.yaml
2023-05-01 05:09:16,350     DEBUG      Executing 'git restore assets/components/openshift-router/serving-certificate.yaml'
2023-05-01 05:09:16,365     INFO       Not clearing dir components/lvms/
2023-05-01 05:09:16,365     DEBUG      Copying assets/components/lvms/topolvm-controller_rbac.authorization.k8s.io_v1_clusterrole.yaml <- _output/staging/lvms/amd64/topolvm-controller_rbac.authorization.k8s.io_v1_clusterrole.yaml
2023-05-01 05:09:16,365     DEBUG      Copying assets/components/lvms/topolvm-controller_rbac.authorization.k8s.io_v1_clusterrolebinding.yaml <- _output/staging/lvms/amd64/topolvm-controller_rbac.authorization.k8s.io_v1_clusterrolebinding.yaml
2023-05-01 05:09:16,366     DEBUG      Copying assets/components/lvms/topolvm-csi-provisioner_rbac.authorization.k8s.io_v1_clusterrole.yaml <- _output/staging/lvms/amd64/topolvm-csi-provisioner_rbac.authorization.k8s.io_v1_clusterrole.yaml
2023-05-01 05:09:16,366     DEBUG      Copying assets/components/lvms/topolvm-csi-provisioner_rbac.authorization.k8s.io_v1_clusterrolebinding.yaml <- _output/staging/lvms/amd64/topolvm-csi-provisioner_rbac.authorization.k8s.io_v1_clusterrolebinding.yaml
2023-05-01 05:09:16,366     DEBUG      Copying assets/components/lvms/topolvm-csi-provisioner_rbac.authorization.k8s.io_v1_role.yaml <- _output/staging/lvms/amd64/topolvm-csi-provisioner_rbac.authorization.k8s.io_v1_role.yaml
2023-05-01 05:09:16,366     DEBUG      Copying assets/components/lvms/topolvm-csi-provisioner_rbac.authorization.k8s.io_v1_rolebinding.yaml <- _output/staging/lvms/amd64/topolvm-csi-provisioner_rbac.authorization.k8s.io_v1_rolebinding.yaml
2023-05-01 05:09:16,366     DEBUG      Copying assets/components/lvms/topolvm-controller_v1_serviceaccount.yaml <- _output/staging/lvms/amd64/topolvm-controller_v1_serviceaccount.yaml
2023-05-01 05:09:16,367     DEBUG      Copying assets/components/lvms/topolvm-node_rbac.authorization.k8s.io_v1_clusterrole.yaml <- _output/staging/lvms/amd64/topolvm-node_rbac.authorization.k8s.io_v1_clusterrole.yaml
2023-05-01 05:09:16,367     DEBUG      Copying assets/components/lvms/topolvm-node_rbac.authorization.k8s.io_v1_clusterrolebinding.yaml <- _output/staging/lvms/amd64/topolvm-node_rbac.authorization.k8s.io_v1_clusterrolebinding.yaml
2023-05-01 05:09:16,367     DEBUG      Copying assets/components/lvms/topolvm-node_v1_serviceaccount.yaml <- _output/staging/lvms/amd64/topolvm-node_v1_serviceaccount.yaml
2023-05-01 05:09:16,367     DEBUG      Copying assets/components/lvms/topolvm.io_logicalvolumes.yaml <- _output/staging/lvms/amd64/topolvm.io_logicalvolumes.yaml
2023-05-01 05:09:16,367     WARNING    Ignoring components/lvms/csi-driver.yaml because provided by MicroShift
2023-05-01 05:09:16,367     WARNING    Ignoring components/lvms/topolvm-controller_deployment.yaml because provided by MicroShift
2023-05-01 05:09:16,367     WARNING    Ignoring components/lvms/topolvm-controller_rbac.authorization.k8s.io_v1_role.yaml because provided by MicroShift
2023-05-01 05:09:16,367     WARNING    Ignoring components/lvms/topolvm-controller_rbac.authorization.k8s.io_v1_rolebinding.yaml because provided by MicroShift
2023-05-01 05:09:16,367     WARNING    Ignoring components/lvms/topolvm-lvmd-config_configmap_v1.yaml because provided by MicroShift
2023-05-01 05:09:16,367     WARNING    Ignoring components/lvms/topolvm-node_daemonset.yaml because provided by MicroShift
2023-05-01 05:09:16,367     WARNING    Ignoring components/lvms/topolvm-node-scc_rbac.authorization.k8s.io_v1_clusterrole.yaml because provided by MicroShift
2023-05-01 05:09:16,367     WARNING    Ignoring components/lvms/topolvm-node-scc_rbac.authorization.k8s.io_v1_clusterrolebinding.yaml because provided by MicroShift
2023-05-01 05:09:16,367     WARNING    Ignoring components/lvms/topolvm-node-securitycontextconstraint.yaml because provided by MicroShift
2023-05-01 05:09:16,368     WARNING    Ignoring components/lvms/topolvm-openshift-storage_namespace.yaml because provided by MicroShift
2023-05-01 05:09:16,368     WARNING    Ignoring components/lvms/topolvm_default-storage-class.yaml because provided by MicroShift
2023-05-01 05:09:16,368     WARNING    Ignoring components/ovn/ because it's not covered by rebase script yet
2023-05-01 05:09:16,368     INFO       Clearing directory assets/components/service-ca/
2023-05-01 05:09:16,368     DEBUG      Copying assets/components/service-ca/clusterrole.yaml <- _output/staging/service-ca-operator/bindata/v4.0.0/controller/clusterrole.yaml
2023-05-01 05:09:16,369     DEBUG      Copying assets/components/service-ca/clusterrolebinding.yaml <- _output/staging/service-ca-operator/bindata/v4.0.0/controller/clusterrolebinding.yaml
2023-05-01 05:09:16,369     DEBUG      Copying assets/components/service-ca/deployment.yaml <- _output/staging/service-ca-operator/bindata/v4.0.0/controller/deployment.yaml
2023-05-01 05:09:16,370     DEBUG      Copying assets/components/service-ca/ns.yaml <- _output/staging/service-ca-operator/bindata/v4.0.0/controller/ns.yaml
2023-05-01 05:09:16,370     DEBUG      Copying assets/components/service-ca/role.yaml <- _output/staging/service-ca-operator/bindata/v4.0.0/controller/role.yaml
2023-05-01 05:09:16,370     DEBUG      Copying assets/components/service-ca/rolebinding.yaml <- _output/staging/service-ca-operator/bindata/v4.0.0/controller/rolebinding.yaml
2023-05-01 05:09:16,371     DEBUG      Copying assets/components/service-ca/sa.yaml <- _output/staging/service-ca-operator/bindata/v4.0.0/controller/sa.yaml
2023-05-01 05:09:16,371     DEBUG      Copying assets/components/service-ca/signing-cabundle.yaml <- _output/staging/service-ca-operator/bindata/v4.0.0/controller/signing-cabundle.yaml
2023-05-01 05:09:16,372     DEBUG      Copying assets/components/service-ca/signing-secret.yaml <- _output/staging/service-ca-operator/bindata/v4.0.0/controller/signing-secret.yaml
2023-05-01 05:09:16,372     INFO       Clearing directory assets/controllers/cluster-policy-controller/
2023-05-01 05:09:16,373     DEBUG      Copying assets/controllers/cluster-policy-controller/namespace-security-allocation-controller-clusterrole.yaml <- _output/staging/cluster-kube-controller-manager-operator/bindata/assets/kube-controller-manager/namespace-security-allocation-controller-clusterrole.yaml
2023-05-01 05:09:16,374     DEBUG      Copying assets/controllers/cluster-policy-controller/namespace-security-allocation-controller-clusterrolebinding.yaml <- _output/staging/cluster-kube-controller-manager-operator/bindata/assets/kube-controller-manager/namespace-security-allocation-controller-clusterrolebinding.yaml
2023-05-01 05:09:16,375     DEBUG      Copying assets/controllers/cluster-policy-controller/podsecurity-admission-label-syncer-controller-clusterrole.yaml <- _output/staging/cluster-kube-controller-manager-operator/bindata/assets/kube-controller-manager/podsecurity-admission-label-syncer-controller-clusterrole.yaml
2023-05-01 05:09:16,375     DEBUG      Copying assets/controllers/cluster-policy-controller/podsecurity-admission-label-syncer-controller-clusterrolebinding.yaml <- _output/staging/cluster-kube-controller-manager-operator/bindata/assets/kube-controller-manager/podsecurity-admission-label-syncer-controller-clusterrolebinding.yaml
2023-05-01 05:09:16,376     INFO       Clearing directory assets/controllers/kube-apiserver/
2023-05-01 05:09:16,377     DEBUG      Copying assets/controllers/kube-apiserver/config-overrides.yaml <- _output/staging/cluster-kube-apiserver-operator/bindata/cmd/generate-config/config/config-overrides.yaml
Traceback (most recent call last):
  File "/go/src/github.com/openshift/microshift/scripts/auto-rebase/handle_assets.py", line 157, in <module>
    main()
  File "/go/src/github.com/openshift/microshift/scripts/auto-rebase/handle_assets.py", line 150, in main
    handle_dir(asset)
  File "/go/src/github.com/openshift/microshift/scripts/auto-rebase/handle_assets.py", line 128, in handle_dir
    handle_file(file, dst, new_src_prefix)
  File "/go/src/github.com/openshift/microshift/scripts/auto-rebase/handle_assets.py", line 111, in handle_file
    copy(src, dst)
  File "/go/src/github.com/openshift/microshift/scripts/auto-rebase/handle_assets.py", line 71, in copy
    shutil.copyfile(src, dst)
  File "/usr/lib64/python3.6/shutil.py", line 120, in copyfile
    with open(src, 'rb') as fsrc:
FileNotFoundError: [Errno 2] No such file or directory: '_output/staging/cluster-kube-apiserver-operator/bindata/cmd/generate-config/config/config-overrides.yaml'
Script exited with error.
