rebase.sh:
[34m# Rebasing to registry.ci.openshift.org/ocp/release:4.22.0-0.nightly-2026-06-25-210812 and registry.ci.openshift.org/ocp-arm64/release-arm64:4.22.0-0.nightly-arm64-2026-06-29-132233[00m
[34m# Fetching release info for registry.ci.openshift.org/ocp/release:4.22.0-0.nightly-2026-06-25-210812 (amd64)[00m
[34m# Fetching release info for registry.ci.openshift.org/ocp-arm64/release-arm64:4.22.0-0.nightly-arm64-2026-06-29-132233 (arm64)[00m
[34m# Extracting registry.ci.openshift.org/ocp/release:4.22.0-0.nightly-2026-06-25-210812 manifest content[00m
[34m# Cloning registry.ci.openshift.org/ocp/release:4.22.0-0.nightly-2026-06-25-210812 component repos[00m
Initialized empty Git repository in /go/src/github.com/openshift/microshift/_output/staging/api/.git/
HEAD is now at 694421e6 Merge pull request #2826 from tssurya/fg-evpn-ga

Initialized empty Git repository in /go/src/github.com/openshift/microshift/_output/staging/cluster-csi-snapshot-controller-operator/.git/
HEAD is now at 4847d2e Merge pull request #280 from openshift-cherrypick-robot/cherry-pick-278-to-release-4.22

Initialized empty Git repository in /go/src/github.com/openshift/microshift/_output/staging/cluster-dns-operator/.git/
HEAD is now at 3d21411 Merge pull request #467 from bentito/fix-dns-service-dual-stack

Initialized empty Git repository in /go/src/github.com/openshift/microshift/_output/staging/cluster-ingress-operator/.git/
HEAD is now at 84ebd6e Merge pull request #1461 from openshift-cherrypick-robot/cherry-pick-1453-to-release-4.22

Initialized empty Git repository in /go/src/github.com/openshift/microshift/_output/staging/cluster-kube-apiserver-operator/.git/
HEAD is now at 9c413cd Merge pull request #2187 from openshift-cherrypick-robot/cherry-pick-2174-to-release-4.22

Initialized empty Git repository in /go/src/github.com/openshift/microshift/_output/staging/cluster-kube-controller-manager-operator/.git/
HEAD is now at 95150ed Merge pull request #931 from gangwgr/nw-policy-cases-4.22

Initialized empty Git repository in /go/src/github.com/openshift/microshift/_output/staging/cluster-kube-scheduler-operator/.git/
HEAD is now at 51ea59a Merge pull request #640 from openshift-cherrypick-robot/cherry-pick-638-to-release-4.22

Initialized empty Git repository in /go/src/github.com/openshift/microshift/_output/staging/cluster-network-operator/.git/
HEAD is now at 899d3bc Merge pull request #3009 from tsorya/cherry-pick-2941-to-release-4.22

Initialized empty Git repository in /go/src/github.com/openshift/microshift/_output/staging/cluster-openshift-controller-manager-operator/.git/
HEAD is now at 2d2699e Merge pull request #436 from kaleemsiddiqu/cherry-pick-428-4.22

Initialized empty Git repository in /go/src/github.com/openshift/microshift/_output/staging/cluster-policy-controller/.git/
HEAD is now at 44985a1 Merge pull request #174 from vincentdephily/vdp-bump-k8s-1.35

Initialized empty Git repository in /go/src/github.com/openshift/microshift/_output/staging/csi-external-snapshotter/.git/
HEAD is now at 28f6e06 Merge pull request #222 from openshift-cherrypick-robot/cherry-pick-207-to-release-4.22

Initialized empty Git repository in /go/src/github.com/openshift/microshift/_output/staging/etcd/.git/
HEAD is now at d8d67b8c Merge pull request #356 from locriandev/openshift-4.22

Initialized empty Git repository in /go/src/github.com/openshift/microshift/_output/staging/kubernetes/.git/
HEAD is now at 7250fd5b9 Merge pull request #2676 from openshift-cherrypick-robot/cherry-pick-2668-to-release-4.22

Initialized empty Git repository in /go/src/github.com/openshift/microshift/_output/staging/kubernetes-kube-storage-version-migrator/.git/
HEAD is now at 72835e4 Merge pull request #237 from sanchezl/leader-election-2026

Initialized empty Git repository in /go/src/github.com/openshift/microshift/_output/staging/machine-config-operator/.git/
HEAD is now at bc792586 Merge pull request #6218 from openshift-cherrypick-robot/cherry-pick-6081-to-release-4.22

Initialized empty Git repository in /go/src/github.com/openshift/microshift/_output/staging/openshift-controller-manager/.git/
HEAD is now at 26d20fe Merge pull request #429 from ricardomaraschini/CNTRLPLANE-2769

Initialized empty Git repository in /go/src/github.com/openshift/microshift/_output/staging/operator-framework-olm/.git/
HEAD is now at de6260e5 Merge pull request #1292 from tmshort/OCPBUGS-84411

Initialized empty Git repository in /go/src/github.com/openshift/microshift/_output/staging/route-controller-manager/.git/
HEAD is now at 55f77ca Merge pull request #90 from rikatz/bump-gogrpc-xnet-4-22

Initialized empty Git repository in /go/src/github.com/openshift/microshift/_output/staging/service-ca-operator/.git/
HEAD is now at 9fff46a Merge pull request #353 from openshift-cherrypick-robot/cherry-pick-338-to-release-4.22

[34m# Cloning registry.ci.openshift.org/ocp/release:4.22.0-0.nightly-2026-06-25-210812 image repos[00m
Initialized empty Git repository in /go/src/github.com/openshift/microshift/_output/staging/amd64/oc/.git/
HEAD is now at 062bc544 Merge pull request #2266 from openshift-cherrypick-robot/cherry-pick-2230-to-release-4.22

Initialized empty Git repository in /go/src/github.com/openshift/microshift/_output/staging/amd64/coredns/.git/
HEAD is now at 9a71d9a Merge pull request #185 from bentito/backport-4.22

Initialized empty Git repository in /go/src/github.com/openshift/microshift/_output/staging/amd64/csi-external-snapshotter/.git/
HEAD is now at 28f6e06 Merge pull request #222 from openshift-cherrypick-robot/cherry-pick-207-to-release-4.22

Initialized empty Git repository in /go/src/github.com/openshift/microshift/_output/staging/amd64/router/.git/
HEAD is now at 5586fa9 Merge pull request #793 from MrSanketkumar/OCPBUGS-87167-cve-2026-46579-4.22

Initialized empty Git repository in /go/src/github.com/openshift/microshift/_output/staging/amd64/kube-rbac-proxy/.git/
HEAD is now at d12e274 Merge pull request #133 from ibihim/merge-v0.21.1-downstream

lvms_operator not from release payload, skipping

Initialized empty Git repository in /go/src/github.com/openshift/microshift/_output/staging/amd64/ovn-kubernetes/.git/
HEAD is now at 8d3b38cd Merge pull request #3244 from openshift/sync-main-to-release-4.22-06-10-2026

Initialized empty Git repository in /go/src/github.com/openshift/microshift/_output/staging/amd64/kubernetes/.git/
HEAD is now at 7250fd5b9 Merge pull request #2676 from openshift-cherrypick-robot/cherry-pick-2668-to-release-4.22

Initialized empty Git repository in /go/src/github.com/openshift/microshift/_output/staging/amd64/service-ca-operator/.git/
HEAD is now at 9fff46a Merge pull request #353 from openshift-cherrypick-robot/cherry-pick-338-to-release-4.22

Initialized empty Git repository in /go/src/github.com/openshift/microshift/_output/staging/arm64/oc/.git/
HEAD is now at 062bc544 Merge pull request #2266 from openshift-cherrypick-robot/cherry-pick-2230-to-release-4.22

Initialized empty Git repository in /go/src/github.com/openshift/microshift/_output/staging/arm64/coredns/.git/
HEAD is now at 9a71d9a Merge pull request #185 from bentito/backport-4.22

Initialized empty Git repository in /go/src/github.com/openshift/microshift/_output/staging/arm64/csi-external-snapshotter/.git/
HEAD is now at 28f6e06 Merge pull request #222 from openshift-cherrypick-robot/cherry-pick-207-to-release-4.22

Initialized empty Git repository in /go/src/github.com/openshift/microshift/_output/staging/arm64/router/.git/
HEAD is now at 5586fa9 Merge pull request #793 from MrSanketkumar/OCPBUGS-87167-cve-2026-46579-4.22

Initialized empty Git repository in /go/src/github.com/openshift/microshift/_output/staging/arm64/kube-rbac-proxy/.git/
HEAD is now at d12e274 Merge pull request #133 from ibihim/merge-v0.21.1-downstream

lvms_operator not from release payload, skipping

Initialized empty Git repository in /go/src/github.com/openshift/microshift/_output/staging/arm64/ovn-kubernetes/.git/
HEAD is now at 8d3b38cd Merge pull request #3244 from openshift/sync-main-to-release-4.22-06-10-2026

Initialized empty Git repository in /go/src/github.com/openshift/microshift/_output/staging/arm64/kubernetes/.git/
HEAD is now at 7250fd5b9 Merge pull request #2676 from openshift-cherrypick-robot/cherry-pick-2668-to-release-4.22

Initialized empty Git repository in /go/src/github.com/openshift/microshift/_output/staging/arm64/service-ca-operator/.git/
HEAD is now at 9fff46a Merge pull request #353 from openshift-cherrypick-robot/cherry-pick-338-to-release-4.22

Warning: env var PULL_BASE_REF not found or empty, falling back to local active branch.
error: branch 'rebase-release-4.22-4.22.0-0.nightly-2026-06-25-210812_amd64-2026-06-25_arm64-2026-06-29' not found
Switched to a new branch 'rebase-release-4.22-4.22.0-0.nightly-2026-06-25-210812_amd64-2026-06-25_arm64-2026-06-29'
[34m## Updating last_rebase.sh[00m
[34m## Committing changes to last_rebase.sh[00m
[rebase-release-4.22-4.22.0-0.nightly-2026-06-25-210812_amd64-2026-06-25_arm64-2026-06-29 7b4c654b7] update last_rebase.sh
 1 file changed, 1 insertion(+), 1 deletion(-)
api embedded-component no change

cluster-csi-snapshot-controller-operator embedded-component no change

cluster-dns-operator embedded-component no change

cluster-ingress-operator embedded-component no change

cluster-kube-apiserver-operator embedded-component no change

cluster-kube-controller-manager-operator embedded-component no change

cluster-kube-scheduler-operator embedded-component no change

cluster-network-operator embedded-component no change

cluster-openshift-controller-manager-operator embedded-component no change

cluster-policy-controller embedded-component no change

csi-external-snapshotter embedded-component no change

etcd embedded-component no change

kubernetes embedded-component no change

kubernetes-kube-storage-version-migrator embedded-component no change

machine-config-operator embedded-component no change

openshift-controller-manager embedded-component no change

operator-framework-olm embedded-component no change

route-controller-manager embedded-component no change

service-ca-operator embedded-component no change

oc image-amd64 no change

coredns image-amd64 no change

csi-external-snapshotter image-amd64 no change

router image-amd64 no change

kube-rbac-proxy image-amd64 no change

ovn-kubernetes image-amd64 no change

kubernetes image-amd64 no change

service-ca-operator image-amd64 no change

oc image-arm64 no change

coredns image-arm64 no change

csi-external-snapshotter image-arm64 no change

router image-arm64 no change

kube-rbac-proxy image-arm64 no change

ovn-kubernetes image-arm64 no change

kubernetes image-arm64 no change

service-ca-operator image-arm64 no change

[34m# Updating microshift/go.mod[00m
go mod edit -require github.com/openshift/cluster-policy-controller@44985a1306411101c84dd5081598fc928b432321
go: downloading sigs.k8s.io/yaml v1.6.0
go: downloading github.com/stretchr/testify v1.11.1
go: downloading github.com/openshift/api v0.0.0-20260309155933-45fd88d185dd
go: downloading github.com/openshift/client-go v0.0.0-20260306160707-3935d929fc7d
go: downloading github.com/openshift/library-go v0.0.0-20260303171201-5d9eb6295ff6
go: downloading k8s.io/utils v0.0.0-20260210185600-b8788abfbbc2
go: downloading github.com/fsnotify/fsnotify v1.9.0
go: downloading github.com/spf13/cobra v1.10.2
go: downloading github.com/coreos/go-systemd v0.0.0-20190321100706-95778dfbb74e
go: downloading github.com/vishvananda/netlink v1.3.1
go: downloading go.etcd.io/etcd/client/pkg/v3 v3.6.8
go: downloading github.com/apparentlymart/go-cidr v1.1.0
go: downloading github.com/spf13/pflag v1.0.10
go: downloading go.etcd.io/etcd/client/v3 v3.6.8
go: downloading github.com/evanphx/json-patch v4.12.0+incompatible
go: downloading gopkg.in/yaml.v3 v3.0.1
go: downloading github.com/squat/generic-device-plugin v0.0.0-20251019101956-043a51e18f31
go: downloading sigs.k8s.io/kustomize/kyaml v0.20.1
go: downloading github.com/go-kit/kit v0.9.0
go: downloading github.com/coreos/go-systemd/v22 v22.7.0
go: downloading github.com/openshift/cluster-policy-controller v0.0.0-20260311142746-44985a130641
go: downloading github.com/openshift/build-machinery-go v0.0.0-20251023084048-5d77c1a5e5af
go: downloading github.com/openshift/route-controller-manager v0.0.0-20260519230436-55f77ca4cf03
go: downloading sigs.k8s.io/kustomize/api v0.20.1
go: downloading github.com/miekg/dns v1.1.63
go: downloading gopkg.in/yaml.v2 v2.4.0
go: downloading golang.org/x/sys v0.44.0
go: downloading k8s.io/kube-openapi v0.0.0-20260304202019-5b3e3fdb0acf
go: downloading github.com/gogo/protobuf v1.3.2
go: downloading github.com/golang/snappy v0.0.4
go: downloading github.com/openshift/kubernetes-kube-storage-version-migrator v0.0.3-0.20260304192652-72835e43c775
go: downloading github.com/prometheus/client_model v0.6.2
go: downloading github.com/google/go-cmp v0.7.0
go: downloading github.com/prometheus/common v0.67.5
go: downloading github.com/prometheus/prometheus v0.302.1
go: downloading github.com/go-logr/logr v1.4.3
go: downloading go.yaml.in/yaml/v2 v2.4.4
go: downloading go.yaml.in/yaml/v3 v3.0.4
go: downloading github.com/davecgh/go-spew v1.1.2-0.20180830191138-d8f796af33cc
go: downloading github.com/pmezard/go-difflib v1.0.1-0.20181226105442-5d4384ee4fb2
go: downloading github.com/fxamacker/cbor/v2 v2.9.0
go: downloading sigs.k8s.io/randfill v1.0.0
go: downloading sigs.k8s.io/structured-merge-diff/v6 v6.3.2
go: downloading github.com/google/gnostic-models v0.7.1
go: downloading google.golang.org/protobuf v1.36.11
go: downloading github.com/munnerz/goautoneg v0.0.0-20191010083416-a7dc8b61c822
go: downloading golang.org/x/net v0.54.0
go: downloading golang.org/x/term v0.43.0
go: downloading github.com/inconshreveable/mousetrap v1.1.0
go: downloading github.com/google/uuid v1.6.0
go: downloading gopkg.in/evanphx/json-patch.v4 v4.13.0
go: downloading github.com/vishvananda/netns v0.0.5
go: downloading github.com/pkg/errors v0.9.1
go: downloading go.uber.org/zap v1.27.1
go: downloading github.com/coreos/go-semver v0.3.1
go: downloading go.etcd.io/etcd/api/v3 v3.6.8
go: downloading google.golang.org/grpc v1.81.1
go: downloading github.com/prometheus-operator/prometheus-operator/pkg/apis/monitoring v0.74.0
go: downloading gopkg.in/check.v1 v1.0.0-20201130134442-10cb98267c6c
go: downloading sigs.k8s.io/json v0.0.0-20250730193827-2d320260d730
go: downloading github.com/go-logfmt/logfmt v0.5.1
go: downloading github.com/go-stack/stack v1.8.1
go: downloading github.com/go-kit/log v0.2.1
go: downloading github.com/oklog/run v1.2.0
go: downloading github.com/prometheus/client_golang v1.23.2
go: downloading github.com/godbus/dbus/v5 v5.1.0
go: downloading go.opentelemetry.io/otel/trace v1.43.0
go: downloading go.opentelemetry.io/otel v1.43.0
go: downloading github.com/liggitt/tabwriter v0.0.0-20181228230101-89fcab3d43de
go: downloading github.com/moby/term v0.5.0
go: downloading go.uber.org/goleak v1.3.0
go: downloading github.com/jonboulle/clockwork v0.5.0
go: downloading golang.org/x/time v0.15.0
go: downloading golang.org/x/tools v0.44.0
go: downloading golang.org/x/sync v0.20.0
go: downloading github.com/MakeNowJust/heredoc v1.0.0
go: downloading github.com/mitchellh/go-wordwrap v1.0.1
go: downloading github.com/russross/blackfriday/v2 v2.1.0
go: downloading github.com/blang/semver/v4 v4.0.0
go: downloading github.com/google/cadvisor v0.53.0
go: downloading go.opentelemetry.io/otel/exporters/otlp/otlptrace/otlptracegrpc v1.42.0
go: downloading go.opentelemetry.io/otel/metric v1.43.0
go: downloading go.opentelemetry.io/otel/sdk v1.43.0
go: downloading go.opentelemetry.io/otel/exporters/otlp/otlptrace v1.42.0
go: downloading github.com/Microsoft/go-winio v0.6.2
go: downloading k8s.io/gengo/v2 v2.0.0-20250922181213-ec3ebc5fd46b
go: downloading gopkg.in/inf.v0 v0.9.1
go: downloading github.com/x448/float16 v0.8.4
go: downloading github.com/go-openapi/swag v0.25.5
go: downloading github.com/json-iterator/go v1.1.12
go: downloading golang.org/x/oauth2 v0.36.0
go: downloading github.com/stretchr/objx v0.5.2
go: downloading golang.org/x/text v0.37.0
go: downloading github.com/gregjones/httpcache v0.0.0-20190611155906-901d90724c79
go: downloading github.com/peterbourgon/diskv v2.0.1+incompatible
go: downloading github.com/prometheus/procfs v0.20.1
go: downloading go.uber.org/multierr v1.11.0
go: downloading github.com/golang/protobuf v1.5.4
go: downloading github.com/grpc-ecosystem/grpc-gateway/v2 v2.28.0
go: downloading google.golang.org/genproto/googleapis/api v0.0.0-20260226221140-a57be14db171
go: downloading github.com/kr/pretty v0.3.1
go: downloading google.golang.org/genproto/googleapis/rpc v0.0.0-20260226221140-a57be14db171
go: downloading github.com/go-openapi/jsonreference v0.21.5
go: downloading github.com/go-errors/errors v1.4.2
go: downloading github.com/chai2010/gettext-go v1.0.2
go: downloading github.com/exponent-io/jsonpath v0.0.0-20210407135951-1de76d718b3f
go: downloading github.com/openshift/onsi-ginkgo/v2 v2.6.1-0.20251120221002-696928a6a0d7
go: downloading github.com/onsi/gomega v1.38.2
go: downloading github.com/pkg/profile v1.7.0
go: downloading github.com/sirupsen/logrus v1.9.3
go: downloading github.com/emicklei/go-restful/v3 v3.13.0
go: downloading go.uber.org/atomic v1.11.0
go: downloading golang.org/x/crypto v0.51.0
go: downloading gopkg.in/natefinch/lumberjack.v2 v2.2.1
go: downloading gopkg.in/go-jose/go-jose.v2 v2.6.3
go: downloading go.etcd.io/etcd/server/v3 v3.6.5
go: downloading github.com/creack/pty v1.1.18
go: downloading sigs.k8s.io/apiserver-network-proxy/konnectivity-client v0.34.0
go: downloading go.opentelemetry.io/contrib/instrumentation/net/http/otelhttp v0.67.0
go: downloading github.com/gorilla/websocket v1.5.4-0.20250319132907-e064f32e3674
go: downloading github.com/mxk/go-flowrate v0.0.0-20140419014527-cca7078d478f
go: downloading github.com/openshift/apiserver-library-go v0.0.0-20260303173613-cd3676268d31
go: downloading github.com/beorn7/perks v1.0.1
go: downloading github.com/cespare/xxhash/v2 v2.3.0
go: downloading github.com/onsi/ginkgo v1.16.5
go: downloading github.com/google/cel-go v0.27.0
go: downloading github.com/robfig/cron/v3 v3.0.1
go: downloading github.com/robfig/cron v1.2.0
go: downloading github.com/opencontainers/selinux v1.13.0
go: downloading github.com/container-storage-interface/spec v1.9.0
go: downloading github.com/libopenstorage/openstorage v1.0.0
go: downloading github.com/go-logr/stdr v1.2.2
go: downloading go.opentelemetry.io/proto/otlp v1.9.0
go: downloading go.opentelemetry.io/otel/sdk/metric v1.43.0
go: downloading github.com/opencontainers/cgroups v0.0.3
go: downloading github.com/cyphar/filepath-securejoin v0.6.0
go: downloading github.com/moby/sys/userns v0.1.0
go: downloading github.com/docker/go-units v0.5.0
go: downloading go.opentelemetry.io/contrib/instrumentation/github.com/emicklei/go-restful/otelrestful v0.44.0
go: downloading github.com/moby/sys/mountinfo v0.7.2
go: downloading github.com/karrick/godirwalk v1.17.0
go: downloading github.com/containerd/containerd/api v1.9.0
go: downloading github.com/containerd/errdefs v1.0.0
go: downloading github.com/containerd/errdefs/pkg v0.3.0
go: downloading github.com/opencontainers/runtime-spec v1.2.1
go: downloading github.com/containerd/typeurl/v2 v2.2.3
go: downloading golang.org/x/tools/go/packages/packagestest v0.1.1-deprecated
go: downloading github.com/go-openapi/swag/cmdutils v0.25.5
go: downloading github.com/go-openapi/swag/conv v0.25.5
go: downloading github.com/go-openapi/swag/fileutils v0.25.5
go: downloading github.com/go-openapi/swag/jsonname v0.25.5
go: downloading github.com/go-openapi/swag/jsonutils v0.25.5
go: downloading github.com/go-openapi/swag/loading v0.25.5
go: downloading github.com/go-openapi/swag/mangling v0.25.5
go: downloading github.com/go-openapi/swag/netutils v0.25.5
go: downloading github.com/go-openapi/swag/stringutils v0.25.5
go: downloading github.com/go-openapi/swag/typeutils v0.25.5
go: downloading github.com/go-openapi/swag/yamlutils v0.25.5
go: downloading github.com/go-openapi/testify/v2 v2.4.0
go: downloading github.com/modern-go/reflect2 v1.0.3-0.20250322232337-35a7c28c31ee
go: downloading github.com/modern-go/concurrent v0.0.0-20180306012644-bacd9c7ef1dd
go: downloading github.com/klauspost/compress v1.18.0
go: downloading github.com/kylelemons/godebug v1.1.0
go: downloading github.com/google/btree v1.1.3
go: downloading github.com/kr/text v0.2.0
go: downloading github.com/rogpeppe/go-internal v1.14.1
go: downloading github.com/grafana/regexp v0.0.0-20240518133315-a468a5bfb3bc
go: downloading github.com/go-openapi/jsonpointer v0.22.5
go: downloading github.com/go-logr/zapr v1.3.0
go: downloading github.com/felixge/fgprof v0.9.4
go: downloading github.com/NYTimes/gziphandler v1.1.1
go: downloading github.com/grpc-ecosystem/go-grpc-prometheus v1.2.0
go: downloading go.opentelemetry.io/contrib/instrumentation/google.golang.org/grpc/otelgrpc v0.67.0
go: downloading github.com/coreos/go-oidc v2.3.0+incompatible
go: downloading github.com/Azure/go-ansiterm v0.0.0-20230124172434-306776ec8161
go: downloading github.com/moby/spdystream v0.5.1
go: downloading github.com/armon/go-socks5 v0.0.0-20160902184237-e75332964ef5
go: downloading github.com/felixge/httpsnoop v1.0.4
go: downloading github.com/soheilhy/cmux v0.1.5
go: downloading github.com/tmc/grpc-websocket-proxy v0.0.0-20220101234140-673ab2c3ae75
go: downloading go.etcd.io/bbolt v1.4.3
go: downloading go.etcd.io/etcd/pkg/v3 v3.6.5
go: downloading github.com/distribution/reference v0.6.0
go: downloading cel.dev/expr v0.25.1
go: downloading github.com/mohae/deepcopy v0.0.0-20170929034955-c48cc78d4826
go: downloading go.opentelemetry.io/auto/sdk v1.2.1
go: downloading github.com/cenkalti/backoff/v5 v5.0.3
go: downloading github.com/mistifyio/go-zfs v2.1.2-0.20190413222219-f784269be439+incompatible
go: downloading github.com/JeffAshton/win_pdh v0.0.0-20161109143554-76bb4ee9f0ab
go: downloading github.com/armon/circbuf v0.0.0-20190214190532-5111143e8da2
go: downloading github.com/Microsoft/hnslib v0.1.2
go: downloading github.com/lithammer/dedent v1.1.0
go: downloading golang.org/x/mod v0.35.0
go: downloading go.opentelemetry.io/contrib/propagators/b3 v1.19.0
go: downloading github.com/containerd/ttrpc v1.2.7
go: downloading github.com/euank/go-kmsg-parser v2.0.0+incompatible
go: downloading golang.org/x/tools/go/expect v0.1.1-deprecated
go: downloading github.com/go-openapi/testify/enable/yaml/v2 v2.4.0
go: downloading github.com/go-openapi/swag/jsonutils/fixtures_test v0.25.5
go: downloading github.com/sergi/go-diff v1.2.0
go: downloading github.com/google/pprof v0.0.0-20250403155104-27863c87afa6
go: downloading github.com/pquerna/cachecontrol v0.1.0
go: downloading github.com/fatih/camelcase v1.0.0
go: downloading github.com/dustin/go-humanize v1.0.1
go: downloading go.etcd.io/raft/v3 v3.6.0
go: downloading github.com/xiang90/probing v0.0.0-20221125231312-a49e3df8f510
go: downloading github.com/grpc-ecosystem/go-grpc-middleware/providers/prometheus v1.0.1
go: downloading github.com/Masterminds/semver/v3 v3.4.0
go: downloading cyphar.com/go-pathrs v0.2.1
go: downloading github.com/antlr4-go/antlr/v4 v4.13.1
go: downloading github.com/opencontainers/go-digest v1.0.0
go: downloading github.com/docker/docker v28.2.2+incompatible
go: downloading github.com/docker/go-connections v0.5.0
go: downloading github.com/opencontainers/image-spec v1.1.1
go: downloading github.com/monochromegane/go-gitignore v0.0.0-20200626010858-205db1a8cc00
go: downloading github.com/xlab/treeprint v1.2.0
go: downloading github.com/containerd/log v0.1.0
go: downloading gonum.org/v1/gonum v0.17.0
go: downloading github.com/golang-jwt/jwt/v5 v5.3.0
go: downloading github.com/go-ldap/ldap/v3 v3.4.11
go: downloading github.com/grpc-ecosystem/go-grpc-middleware/v2 v2.3.0
go: downloading github.com/go-task/slim-sprig/v3 v3.0.0
go: downloading golang.org/x/exp v0.0.0-20260218203240-3dfff04db8fa
go: downloading github.com/Azure/go-ntlmssp v0.0.0-20221128193559-754e69321358
go: downloading github.com/go-asn1-ber/asn1-ber v1.5.8-0.20250403174932-29230038a667
go: downloading github.com/alexbrainman/sspi v0.0.0-20231016080023-1a75b4708caa
go: downloading github.com/jcmturner/gokrb5/v8 v8.4.4
go: downloading github.com/jcmturner/gofork v1.7.6
go: downloading github.com/jcmturner/dnsutils/v2 v2.0.0
go: downloading github.com/hashicorp/go-uuid v1.0.3
go: downloading github.com/jcmturner/goidentity/v6 v6.0.1
go: downloading github.com/jcmturner/aescts/v2 v2.0.0
go: downloading github.com/jcmturner/rpc/v2 v2.0.3
go: downloading github.com/moby/docker-image-spec v1.3.1
go mod edit -replace github.com/onsi/ginkgo/v2=github.com/openshift/onsi-ginkgo/v2@v2.6.1-0.20251120221002-696928a6a0d7
Handling 'k8s.io/klog/v2' dep: cloning 'https://github.com/kubernetes/klog' @ 'v2.130.1' to /go/src/github.com/openshift/microshift/./deps/k8s.io/klog
Cloning into '/go/src/github.com/openshift/microshift/./deps/k8s.io/klog'...
Handling 'k8s.io/kubernetes' dep: copying /go/src/github.com/openshift/microshift/_output/staging/kubernetes -> /go/src/github.com/openshift/microshift/./deps/github.com/openshift/kubernetes
go mod edit -replace sigs.k8s.io/kube-storage-version-migrator=github.com/openshift/kubernetes-kube-storage-version-migrator@72835e43c7754356645e41031f3a99926b4d42e6
Handling 'k8s.io/api' dep: updating required version to '1.35.5' (for information purposes)
Handling 'k8s.io/apiextensions-apiserver' dep: updating required version to '1.35.5' (for information purposes)
Handling 'k8s.io/apimachinery' dep: updating required version to '1.35.5' (for information purposes)
Handling 'k8s.io/apiserver' dep: updating required version to '1.35.5' (for information purposes)
Handling 'k8s.io/cli-runtime' dep: updating required version to '1.35.5' (for information purposes)
Handling 'k8s.io/client-go' dep: updating required version to '1.35.5' (for information purposes)
Handling 'k8s.io/cloud-provider' dep: updating required version to '1.35.5' (for information purposes)
Handling 'k8s.io/cluster-bootstrap' dep: updating required version to '1.35.5' (for information purposes)
Handling 'k8s.io/code-generator' dep: updating required version to '1.35.5' (for information purposes)
Handling 'k8s.io/component-base' dep: updating required version to '1.35.5' (for information purposes)
Handling 'k8s.io/component-helpers' dep: updating required version to '1.35.5' (for information purposes)
Handling 'k8s.io/controller-manager' dep: updating required version to '1.35.5' (for information purposes)
Handling 'k8s.io/cri-api' dep: updating required version to '1.35.5' (for information purposes)
Handling 'k8s.io/cri-client' dep: updating required version to '1.35.5' (for information purposes)
Handling 'k8s.io/csi-translation-lib' dep: updating required version to '1.35.5' (for information purposes)
Handling 'k8s.io/dynamic-resource-allocation' dep: updating required version to '1.35.5' (for information purposes)
Handling 'k8s.io/endpointslice' dep: updating required version to '1.35.5' (for information purposes)
Handling 'k8s.io/externaljwt' dep: updating required version to '1.35.5' (for information purposes)
Handling 'k8s.io/kms' dep: updating required version to '1.35.5' (for information purposes)
Handling 'k8s.io/kube-aggregator' dep: updating required version to '1.35.5' (for information purposes)
Handling 'k8s.io/kube-controller-manager' dep: updating required version to '1.35.5' (for information purposes)
Handling 'k8s.io/kube-proxy' dep: updating required version to '1.35.5' (for information purposes)
Handling 'k8s.io/kube-scheduler' dep: updating required version to '1.35.5' (for information purposes)
Handling 'k8s.io/kubectl' dep: updating required version to '1.35.5' (for information purposes)
Handling 'k8s.io/kubelet' dep: updating required version to '1.35.5' (for information purposes)
Handling 'k8s.io/metrics' dep: updating required version to '1.35.5' (for information purposes)
Handling 'k8s.io/mount-utils' dep: updating required version to '1.35.5' (for information purposes)
Handling 'k8s.io/pod-security-admission' dep: updating required version to '1.35.5' (for information purposes)
Handling 'k8s.io/sample-apiserver' dep: updating required version to '1.35.5' (for information purposes)
Handling 'k8s.io/sample-cli-plugin' dep: updating required version to '1.35.5' (for information purposes)
Handling 'k8s.io/sample-controller' dep: updating required version to '1.35.5' (for information purposes)
go mod edit -require github.com/openshift/route-controller-manager@55f77ca4cf0328b7c4fd7736bce79ebe171a9b6b
go mod edit -require github.com/openshift/cluster-policy-controller@44985a1306411101c84dd5081598fc928b432321
Running `gofmt -s -l -w` on 856 file(s).
./deps/github.com/openshift/kubernetes/staging/src/k8s.io/apimachinery/third_party/forked/golang/json/fields.go
./deps/github.com/openshift/kubernetes/staging/src/k8s.io/code-generator/third_party/forked/golang/reflect/type.go
./deps/github.com/openshift/kubernetes/staging/src/k8s.io/client-go/third_party/forked/golang/template/exec.go
./deps/github.com/openshift/kubernetes/staging/src/k8s.io/client-go/third_party/forked/golang/template/funcs.go
for p in scripts/auto-rebase/rebase_patches/0001-Fix-CSI-initialization-conflict.patch scripts/auto-rebase/rebase_patches/0002-disable-APIrequestcount-controller.patch scripts/auto-rebase/rebase_patches/0003-disable-clusterQuotaMapping-controller.patch scripts/auto-rebase/rebase_patches/0004-remove-config-informer-and-cpu-partitioning-admission-plugin.patch scripts/auto-rebase/rebase_patches/0005-remove-user-informer.patch scripts/auto-rebase/rebase_patches/0006-kcm-no-panic.patch scripts/auto-rebase/rebase_patches/0020-klog-component-names.patch scripts/auto-rebase/rebase_patches/0030-kube-controller-manager-command-context.patch; do \
	echo "Applying patch $p"; \
	git mailinfo /dev/null /dev/stderr 2<&1- < $p | git apply --reject || exit 1; \
done
Applying patch scripts/auto-rebase/rebase_patches/0001-Fix-CSI-initialization-conflict.patch
Checking patch deps/github.com/openshift/kubernetes/pkg/volume/csi/csi_plugin.go...
Hunk #1 succeeded at 347 (offset 2 lines).
Applied patch deps/github.com/openshift/kubernetes/pkg/volume/csi/csi_plugin.go cleanly.
Applying patch scripts/auto-rebase/rebase_patches/0002-disable-APIrequestcount-controller.patch
Checking patch deps/github.com/openshift/kubernetes/openshift-kube-apiserver/openshiftkubeapiserver/patch.go...
Hunk #2 succeeded at 33 (offset 1 line).
Hunk #3 succeeded at 86 (offset 2 lines).
Applied patch deps/github.com/openshift/kubernetes/openshift-kube-apiserver/openshiftkubeapiserver/patch.go cleanly.
Applying patch scripts/auto-rebase/rebase_patches/0003-disable-clusterQuotaMapping-controller.patch
Checking patch deps/github.com/openshift/kubernetes/openshift-kube-apiserver/openshiftkubeapiserver/patch.go...
Hunk #2 succeeded at 26 (offset 1 line).
Hunk #3 succeeded at 50 (offset 1 line).
Hunk #4 succeeded at 109 (offset 2 lines).
Hunk #5 succeeded at 127 (offset 2 lines).
Hunk #6 succeeded at 141 (offset 2 lines).
Hunk #7 succeeded at 157 (offset 2 lines).
Applied patch deps/github.com/openshift/kubernetes/openshift-kube-apiserver/openshiftkubeapiserver/patch.go cleanly.
Applying patch scripts/auto-rebase/rebase_patches/0004-remove-config-informer-and-cpu-partitioning-admission-plugin.patch
Checking patch deps/github.com/openshift/kubernetes/openshift-kube-apiserver/openshiftkubeapiserver/patch.go...
Checking patch deps/github.com/openshift/kubernetes/openshift-kube-apiserver/admission/admissionenablement/register.go...
Applied patch deps/github.com/openshift/kubernetes/openshift-kube-apiserver/openshiftkubeapiserver/patch.go cleanly.
Applied patch deps/github.com/openshift/kubernetes/openshift-kube-apiserver/admission/admissionenablement/register.go cleanly.
Applying patch scripts/auto-rebase/rebase_patches/0005-remove-user-informer.patch
Checking patch deps/github.com/openshift/kubernetes/openshift-kube-apiserver/openshiftkubeapiserver/patch.go...
Applied patch deps/github.com/openshift/kubernetes/openshift-kube-apiserver/openshiftkubeapiserver/patch.go cleanly.
Applying patch scripts/auto-rebase/rebase_patches/0006-kcm-no-panic.patch
Checking patch deps/github.com/openshift/kubernetes/cmd/kube-controller-manager/app/options/options.go...
Hunk #1 succeeded at 48 (offset 2 lines).
Hunk #2 succeeded at 319 (offset 13 lines).
Applied patch deps/github.com/openshift/kubernetes/cmd/kube-controller-manager/app/options/options.go cleanly.
Applying patch scripts/auto-rebase/rebase_patches/0020-klog-component-names.patch
Checking patch deps/k8s.io/klog/goroutine_labels.go...
Checking patch deps/k8s.io/klog/internal/buffer/buffer.go...
Hunk #1 succeeded at 144 (offset -5 lines).
Checking patch deps/k8s.io/klog/internal/buffer/goroutine_labels.go...
Applied patch deps/k8s.io/klog/goroutine_labels.go cleanly.
Applied patch deps/k8s.io/klog/internal/buffer/buffer.go cleanly.
Applied patch deps/k8s.io/klog/internal/buffer/goroutine_labels.go cleanly.
Applying patch scripts/auto-rebase/rebase_patches/0030-kube-controller-manager-command-context.patch
Checking patch deps/github.com/openshift/kubernetes/cmd/kube-controller-manager/app/controllermanager.go...
Hunk #2 succeeded at 156 (offset -2 lines).
Applied patch deps/github.com/openshift/kubernetes/cmd/kube-controller-manager/app/controllermanager.go cleanly.
[34m# Updating etcd/go.mod[00m
go mod edit -require github.com/openshift/cluster-policy-controller@44985a1306411101c84dd5081598fc928b432321
go: downloading github.com/openshift/etcd/api/v3 v3.5.0-alpha.0.0.20260312150232-d8d67b8ce849
go: downloading github.com/openshift/api v0.0.0-20260402091533-d0af9d722390
go: downloading github.com/openshift/etcd/server/v3 v3.5.0-alpha.0.0.20260312150232-d8d67b8ce849
go: downloading k8s.io/klog/v2 v2.140.0
go: downloading github.com/openshift/etcd/client/pkg/v3 v3.0.0-20260312150232-d8d67b8ce849
go: downloading github.com/openshift/etcd/client/v3 v3.5.0-alpha.0.0.20260312150232-d8d67b8ce849
go: downloading github.com/openshift/etcd/pkg/v3 v3.5.0-alpha.0.0.20260312150232-d8d67b8ce849
go: downloading github.com/cockroachdb/datadriven v1.0.2
skipping modulepath github.com/openshift/microshift: no or unknown command []
go mod edit -replace github.com/onsi/ginkgo/v2=github.com/openshift/onsi-ginkgo/v2@v2.6.1-0.20251120221002-696928a6a0d7
go mod edit -replace go.etcd.io/etcd/api/v3=github.com/openshift/etcd/api/v3@d8d67b8ce849f816d6d23c904098336632e2348f
go mod edit -replace go.etcd.io/etcd/client/pkg/v3=github.com/openshift/etcd/client/pkg/v3@d8d67b8ce849f816d6d23c904098336632e2348f
go mod edit -replace go.etcd.io/etcd/client/v3=github.com/openshift/etcd/client/v3@d8d67b8ce849f816d6d23c904098336632e2348f
go mod edit -replace go.etcd.io/etcd/pkg/v3=github.com/openshift/etcd/pkg/v3@d8d67b8ce849f816d6d23c904098336632e2348f
go mod edit -replace go.etcd.io/etcd/server/v3=github.com/openshift/etcd/server/v3@d8d67b8ce849f816d6d23c904098336632e2348f
skipping modulepath k8s.io/api: no or unknown command []
skipping modulepath k8s.io/apiextensions-apiserver: no or unknown command []
skipping modulepath k8s.io/apimachinery: no or unknown command []
skipping modulepath k8s.io/apiserver: no or unknown command []
skipping modulepath k8s.io/cli-runtime: no or unknown command []
skipping modulepath k8s.io/client-go: no or unknown command []
skipping modulepath k8s.io/cloud-provider: no or unknown command []
skipping modulepath k8s.io/cluster-bootstrap: no or unknown command []
skipping modulepath k8s.io/code-generator: no or unknown command []
skipping modulepath k8s.io/component-base: no or unknown command []
skipping modulepath k8s.io/component-helpers: no or unknown command []
skipping modulepath k8s.io/controller-manager: no or unknown command []
skipping modulepath k8s.io/cri-api: no or unknown command []
skipping modulepath k8s.io/cri-client: no or unknown command []
skipping modulepath k8s.io/csi-translation-lib: no or unknown command []
skipping modulepath k8s.io/dynamic-resource-allocation: no or unknown command []
skipping modulepath k8s.io/endpointslice: no or unknown command []
skipping modulepath k8s.io/externaljwt: no or unknown command []
skipping modulepath k8s.io/kms: no or unknown command []
skipping modulepath k8s.io/kube-aggregator: no or unknown command []
skipping modulepath k8s.io/kube-controller-manager: no or unknown command []
skipping modulepath k8s.io/kube-proxy: no or unknown command []
skipping modulepath k8s.io/kube-scheduler: no or unknown command []
skipping modulepath k8s.io/kubectl: no or unknown command []
skipping modulepath k8s.io/kubelet: no or unknown command []
skipping modulepath k8s.io/legacy-cloud-providers: no or unknown command []
skipping modulepath k8s.io/metrics: no or unknown command []
skipping modulepath k8s.io/mount-utils: no or unknown command []
skipping modulepath k8s.io/pod-security-admission: no or unknown command []
skipping modulepath k8s.io/sample-apiserver: no or unknown command []
skipping modulepath k8s.io/sample-cli-plugin: no or unknown command []
skipping modulepath k8s.io/sample-controller: no or unknown command []
go mod edit -require github.com/openshift/route-controller-manager@55f77ca4cf0328b7c4fd7736bce79ebe171a9b6b
go mod edit -require github.com/openshift/cluster-policy-controller@44985a1306411101c84dd5081598fc928b432321
Running `gofmt -s -l -w` on 4 file(s).
[34m## Updating microshift/vendor directory[00m
/go/src/github.com/openshift/microshift /go/src/github.com/openshift/microshift
go mod vendor
/go/src/github.com/openshift/microshift
[34m## Updating etcd/vendor directory[00m
/go/src/github.com/openshift/microshift/etcd /go/src/github.com/openshift/microshift
go mod vendor
/go/src/github.com/openshift/microshift
[34mRebasing release_*.json[00m
No changes in component images.
[34mCopying manifests[00m
2026-06-30 04:53:14,129     INFO       Clearing directory assets/components/openshift-dns/dns/
2026-06-30 04:53:14,130     DEBUG      Copying assets/components/openshift-dns/dns/cluster-role-binding.yaml <- _output/staging/cluster-dns-operator/pkg/manifests/assets/dns/cluster-role-binding.yaml
2026-06-30 04:53:14,132     DEBUG      Copying assets/components/openshift-dns/dns/cluster-role.yaml <- _output/staging/cluster-dns-operator/pkg/manifests/assets/dns/cluster-role.yaml
2026-06-30 04:53:14,133     INFO       Restoring assets/components/openshift-dns/dns/configmap.yaml
2026-06-30 04:53:14,133     DEBUG      Executing 'git restore assets/components/openshift-dns/dns/configmap.yaml'
2026-06-30 04:53:14,177     DEBUG      Copying assets/components/openshift-dns/dns/daemonset.yaml <- _output/staging/cluster-dns-operator/pkg/manifests/assets/dns/daemonset.yaml
2026-06-30 04:53:14,178     DEBUG      Copying assets/components/openshift-dns/dns/namespace.yaml <- _output/staging/cluster-dns-operator/pkg/manifests/assets/dns/namespace.yaml
2026-06-30 04:53:14,179     DEBUG      Copying assets/components/openshift-dns/dns/service-account.yaml <- _output/staging/cluster-dns-operator/pkg/manifests/assets/dns/service-account.yaml
2026-06-30 04:53:14,180     DEBUG      Copying assets/components/openshift-dns/dns/service.yaml <- _output/staging/cluster-dns-operator/pkg/manifests/assets/dns/service.yaml
2026-06-30 04:53:14,181     WARNING    Ignoring components/openshift-dns/dns/hosts-configmap-rolebinding.yaml because RBAC rules for hosts customization
2026-06-30 04:53:14,181     WARNING    Ignoring components/openshift-dns/dns/hosts-configmap-role.yaml because RBAC rules for hosts customization
2026-06-30 04:53:14,181     INFO       Clearing directory assets/components/openshift-dns/node-resolver
2026-06-30 04:53:14,181     WARNING    Ignoring components/openshift-dns/node-resolver/daemonset.yaml because it's created by processing daemonset.yaml.tmpl
2026-06-30 04:53:14,181     INFO       Restoring assets/components/openshift-dns/node-resolver/daemonset.yaml.tmpl
2026-06-30 04:53:14,181     DEBUG      Executing 'git restore assets/components/openshift-dns/node-resolver/daemonset.yaml.tmpl'
2026-06-30 04:53:14,224     DEBUG      Copying assets/components/openshift-dns/node-resolver/service-account.yaml <- _output/staging/cluster-dns-operator/pkg/manifests/assets/node-resolver/service-account.yaml
2026-06-30 04:53:14,225     DEBUG      Copying assets/components/openshift-dns/node-resolver/update-node-resolver.sh <- _output/staging/cluster-dns-operator/pkg/manifests/assets/node-resolver/update-node-resolver.sh
2026-06-30 04:53:14,226     INFO       Clearing directory assets/components/openshift-router/
2026-06-30 04:53:14,227     DEBUG      Copying assets/components/openshift-router/cluster-role-binding.yaml <- _output/staging/cluster-ingress-operator/pkg/manifests/assets/router/cluster-role-binding.yaml
2026-06-30 04:53:14,228     DEBUG      Copying assets/components/openshift-router/cluster-role.yaml <- _output/staging/cluster-ingress-operator/pkg/manifests/assets/router/cluster-role.yaml
2026-06-30 04:53:14,229     INFO       Restoring assets/components/openshift-router/cluster-role-system-router.yaml
2026-06-30 04:53:14,229     DEBUG      Executing 'git restore assets/components/openshift-router/cluster-role-system-router.yaml'
2026-06-30 04:53:14,273     INFO       Restoring assets/components/openshift-router/configmap.yaml
2026-06-30 04:53:14,273     DEBUG      Executing 'git restore assets/components/openshift-router/configmap.yaml'
2026-06-30 04:53:14,317     INFO       Restoring assets/components/openshift-router/configmap-accesslog.yaml
2026-06-30 04:53:14,318     DEBUG      Executing 'git restore assets/components/openshift-router/configmap-accesslog.yaml'
2026-06-30 04:53:14,360     DEBUG      Copying assets/components/openshift-router/deployment.yaml <- _output/staging/cluster-ingress-operator/pkg/manifests/assets/router/deployment.yaml
2026-06-30 04:53:14,361     DEBUG      Copying assets/components/openshift-router/namespace.yaml <- _output/staging/cluster-ingress-operator/pkg/manifests/assets/router/namespace.yaml
2026-06-30 04:53:14,362     DEBUG      Copying assets/components/openshift-router/service-account.yaml <- _output/staging/cluster-ingress-operator/pkg/manifests/assets/router/service-account.yaml
2026-06-30 04:53:14,363     DEBUG      Copying assets/components/openshift-router/service-internal.yaml <- _output/staging/cluster-ingress-operator/pkg/manifests/assets/router/service-internal.yaml
2026-06-30 04:53:14,364     DEBUG      Copying assets/components/openshift-router/service-cloud.yaml <- _output/staging/cluster-ingress-operator/pkg/manifests/assets/router/service-cloud.yaml
2026-06-30 04:53:14,365     INFO       Restoring assets/components/openshift-router/serving-certificate.yaml
2026-06-30 04:53:14,365     DEBUG      Executing 'git restore assets/components/openshift-router/serving-certificate.yaml'
2026-06-30 04:53:14,407     INFO       Restoring assets/components/openshift-router/cluster-role-aggregate-edit-route.yaml
2026-06-30 04:53:14,408     DEBUG      Executing 'git restore assets/components/openshift-router/cluster-role-aggregate-edit-route.yaml'
2026-06-30 04:53:14,450     INFO       Restoring assets/components/openshift-router/cluster-role-aggregate-admin-route.yaml
2026-06-30 04:53:14,450     DEBUG      Executing 'git restore assets/components/openshift-router/cluster-role-aggregate-admin-route.yaml'
2026-06-30 04:53:14,495     WARNING    Ignoring components/openshift-router/ingress-class.yaml because gets generated during image rebase
2026-06-30 04:53:14,495     WARNING    Ignoring components/ovn/ because it's not covered by rebase script yet
2026-06-30 04:53:14,495     INFO       Clearing directory assets/components/service-ca/
2026-06-30 04:53:14,496     DEBUG      Copying assets/components/service-ca/clusterrole.yaml <- _output/staging/service-ca-operator/bindata/assets/clusterrole.yaml
2026-06-30 04:53:14,497     DEBUG      Copying assets/components/service-ca/clusterrolebinding.yaml <- _output/staging/service-ca-operator/bindata/assets/clusterrolebinding.yaml
2026-06-30 04:53:14,498     DEBUG      Copying assets/components/service-ca/deployment.yaml <- _output/staging/service-ca-operator/bindata/assets/deployment.yaml
2026-06-30 04:53:14,498     DEBUG      Copying assets/components/service-ca/ns.yaml <- _output/staging/service-ca-operator/bindata/assets/ns.yaml
2026-06-30 04:53:14,499     DEBUG      Copying assets/components/service-ca/role.yaml <- _output/staging/service-ca-operator/bindata/assets/role.yaml
2026-06-30 04:53:14,500     DEBUG      Copying assets/components/service-ca/rolebinding.yaml <- _output/staging/service-ca-operator/bindata/assets/rolebinding.yaml
2026-06-30 04:53:14,501     DEBUG      Copying assets/components/service-ca/sa.yaml <- _output/staging/service-ca-operator/bindata/assets/sa.yaml
2026-06-30 04:53:14,502     DEBUG      Copying assets/components/service-ca/signing-cabundle.yaml <- _output/staging/service-ca-operator/bindata/assets/signing-cabundle.yaml
2026-06-30 04:53:14,502     DEBUG      Copying assets/components/service-ca/signing-secret.yaml <- _output/staging/service-ca-operator/bindata/assets/signing-secret.yaml
2026-06-30 04:53:14,503     INFO       Not clearing dir components/csi-snapshot-controller/
2026-06-30 04:53:14,503     DEBUG      Copying assets/components/csi-snapshot-controller/csi_controller_deployment.yaml <- _output/staging/cluster-csi-snapshot-controller-operator/assets/csi_controller_deployment.yaml
2026-06-30 04:53:14,504     DEBUG      Copying assets/components/csi-snapshot-controller/serviceaccount.yaml <- _output/staging/cluster-csi-snapshot-controller-operator/assets/serviceaccount.yaml
2026-06-30 04:53:14,505     DEBUG      Copying assets/components/csi-snapshot-controller/volumesnapshotclasses.yaml <- _output/staging/cluster-csi-snapshot-controller-operator/assets/volumesnapshotclasses.yaml
2026-06-30 04:53:14,506     DEBUG      Copying assets/components/csi-snapshot-controller/volumesnapshotcontents.yaml <- _output/staging/cluster-csi-snapshot-controller-operator/assets/volumesnapshotcontents.yaml
2026-06-30 04:53:14,507     DEBUG      Copying assets/components/csi-snapshot-controller/volumesnapshots.yaml <- _output/staging/cluster-csi-snapshot-controller-operator/assets/volumesnapshots.yaml
2026-06-30 04:53:14,508     DEBUG      Copying assets/components/csi-snapshot-controller/05_operand_rbac.yaml <- _output/staging/cluster-csi-snapshot-controller-operator/assets/../manifests/05_operand_rbac.yaml
2026-06-30 04:53:14,509     WARNING    Ignoring components/csi-snapshot-controller/clusterrole.yaml because extracted automatically from 05_operand_rbac.yaml
2026-06-30 04:53:14,509     WARNING    Ignoring components/csi-snapshot-controller/clusterrolebinding.yaml because extracted automatically from 05_operand_rbac.yaml
2026-06-30 04:53:14,509     WARNING    Ignoring components/csi-snapshot-controller/role.yaml because extracted automatically from 05_operand_rbac.yaml
2026-06-30 04:53:14,509     WARNING    Ignoring components/csi-snapshot-controller/rolebinding.yaml because extracted automatically from 05_operand_rbac.yaml
2026-06-30 04:53:14,509     INFO       Clearing directory assets/controllers/cluster-policy-controller/
2026-06-30 04:53:14,510     DEBUG      Copying assets/controllers/cluster-policy-controller/namespace-security-allocation-controller-clusterrole.yaml <- _output/staging/cluster-kube-controller-manager-operator/bindata/assets/kube-controller-manager/namespace-security-allocation-controller-clusterrole.yaml
2026-06-30 04:53:14,510     DEBUG      Copying assets/controllers/cluster-policy-controller/namespace-security-allocation-controller-clusterrolebinding.yaml <- _output/staging/cluster-kube-controller-manager-operator/bindata/assets/kube-controller-manager/namespace-security-allocation-controller-clusterrolebinding.yaml
2026-06-30 04:53:14,511     DEBUG      Copying assets/controllers/cluster-policy-controller/podsecurity-admission-label-syncer-controller-clusterrole.yaml <- _output/staging/cluster-kube-controller-manager-operator/bindata/assets/kube-controller-manager/podsecurity-admission-label-syncer-controller-clusterrole.yaml
2026-06-30 04:53:14,512     DEBUG      Copying assets/controllers/cluster-policy-controller/podsecurity-admission-label-syncer-controller-clusterrolebinding.yaml <- _output/staging/cluster-kube-controller-manager-operator/bindata/assets/kube-controller-manager/podsecurity-admission-label-syncer-controller-clusterrolebinding.yaml
2026-06-30 04:53:14,513     DEBUG      Copying assets/controllers/cluster-policy-controller/podsecurity-admission-label-privileged-namespaces-syncer-controller-clusterrole.yaml <- _output/staging/cluster-kube-controller-manager-operator/bindata/assets/kube-controller-manager/podsecurity-admission-label-privileged-namespaces-syncer-controller-clusterrole.yaml
2026-06-30 04:53:14,514     DEBUG      Copying assets/controllers/cluster-policy-controller/podsecurity-admission-label-privileged-namespaces-syncer-controller-clusterrolebinding.yaml <- _output/staging/cluster-kube-controller-manager-operator/bindata/assets/kube-controller-manager/podsecurity-admission-label-privileged-namespaces-syncer-controller-clusterrolebinding.yaml
2026-06-30 04:53:14,515     INFO       Clearing directory assets/controllers/kube-apiserver/
2026-06-30 04:53:14,515     DEBUG      Copying assets/controllers/kube-apiserver/config-overrides.yaml <- _output/staging/cluster-kube-apiserver-operator/bindata/assets/config/config-overrides.yaml
2026-06-30 04:53:14,516     DEBUG      Copying assets/controllers/kube-apiserver/defaultconfig.yaml <- _output/staging/cluster-kube-apiserver-operator/bindata/assets/config/defaultconfig.yaml
2026-06-30 04:53:14,517     INFO       Clearing directory assets/controllers/kube-controller-manager/
2026-06-30 04:53:14,517     DEBUG      Copying assets/controllers/kube-controller-manager/defaultconfig.yaml <- _output/staging/cluster-kube-controller-manager-operator/bindata/assets/kube-controller-manager/../config/defaultconfig.yaml
2026-06-30 04:53:14,518     DEBUG      Copying assets/controllers/kube-controller-manager/csr_approver_clusterrole.yaml <- _output/staging/cluster-kube-controller-manager-operator/bindata/assets/kube-controller-manager/csr_approver_clusterrole.yaml
2026-06-30 04:53:14,519     DEBUG      Copying assets/controllers/kube-controller-manager/csr_approver_clusterrolebinding.yaml <- _output/staging/cluster-kube-controller-manager-operator/bindata/assets/kube-controller-manager/csr_approver_clusterrolebinding.yaml
2026-06-30 04:53:14,520     DEBUG      Copying assets/controllers/kube-controller-manager/namespace-openshift-kube-controller-manager.yaml <- _output/staging/cluster-kube-controller-manager-operator/bindata/assets/kube-controller-manager/ns.yaml
2026-06-30 04:53:14,521     INFO       Clearing directory assets/controllers/openshift-default-scc-manager/
2026-06-30 04:53:14,522     DEBUG      Copying assets/controllers/openshift-default-scc-manager/0000_20_kube-apiserver-operator_00_cr-scc-anyuid.yaml <- _output/staging/release-manifests/0000_20_kube-apiserver-operator_00_cr-scc-anyuid.yaml
2026-06-30 04:53:14,523     DEBUG      Copying assets/controllers/openshift-default-scc-manager/0000_20_kube-apiserver-operator_00_cr-scc-hostaccess.yaml <- _output/staging/release-manifests/0000_20_kube-apiserver-operator_00_cr-scc-hostaccess.yaml
2026-06-30 04:53:14,524     DEBUG      Copying assets/controllers/openshift-default-scc-manager/0000_20_kube-apiserver-operator_00_cr-scc-hostmount-anyuid.yaml <- _output/staging/release-manifests/0000_20_kube-apiserver-operator_00_cr-scc-hostmount-anyuid.yaml
2026-06-30 04:53:14,525     DEBUG      Copying assets/controllers/openshift-default-scc-manager/0000_20_kube-apiserver-operator_00_cr-scc-hostnetwork-v2.yaml <- _output/staging/release-manifests/0000_20_kube-apiserver-operator_00_cr-scc-hostnetwork-v2.yaml
2026-06-30 04:53:14,525     DEBUG      Copying assets/controllers/openshift-default-scc-manager/0000_20_kube-apiserver-operator_00_cr-scc-hostnetwork.yaml <- _output/staging/release-manifests/0000_20_kube-apiserver-operator_00_cr-scc-hostnetwork.yaml
2026-06-30 04:53:14,526     DEBUG      Copying assets/controllers/openshift-default-scc-manager/0000_20_kube-apiserver-operator_00_cr-scc-nonroot-v2.yaml <- _output/staging/release-manifests/0000_20_kube-apiserver-operator_00_cr-scc-nonroot-v2.yaml
2026-06-30 04:53:14,527     DEBUG      Copying assets/controllers/openshift-default-scc-manager/0000_20_kube-apiserver-operator_00_cr-scc-nonroot.yaml <- _output/staging/release-manifests/0000_20_kube-apiserver-operator_00_cr-scc-nonroot.yaml
2026-06-30 04:53:14,528     DEBUG      Copying assets/controllers/openshift-default-scc-manager/0000_20_kube-apiserver-operator_00_cr-scc-privileged.yaml <- _output/staging/release-manifests/0000_20_kube-apiserver-operator_00_cr-scc-privileged.yaml
2026-06-30 04:53:14,528     DEBUG      Copying assets/controllers/openshift-default-scc-manager/0000_20_kube-apiserver-operator_00_cr-scc-restricted-v2.yaml <- _output/staging/release-manifests/0000_20_kube-apiserver-operator_00_cr-scc-restricted-v2.yaml
2026-06-30 04:53:14,529     DEBUG      Copying assets/controllers/openshift-default-scc-manager/0000_20_kube-apiserver-operator_00_cr-scc-restricted-v3.yaml <- _output/staging/release-manifests/0000_20_kube-apiserver-operator_00_cr-scc-restricted-v3.yaml
2026-06-30 04:53:14,530     DEBUG      Copying assets/controllers/openshift-default-scc-manager/0000_20_kube-apiserver-operator_00_cr-scc-restricted.yaml <- _output/staging/release-manifests/0000_20_kube-apiserver-operator_00_cr-scc-restricted.yaml
2026-06-30 04:53:14,531     DEBUG      Copying assets/controllers/openshift-default-scc-manager/0000_20_kube-apiserver-operator_00_crb-systemauthenticated-scc-restricted-v2.yaml <- _output/staging/release-manifests/0000_20_kube-apiserver-operator_00_crb-systemauthenticated-scc-restricted-v2.yaml
2026-06-30 04:53:14,532     DEBUG      Copying assets/controllers/openshift-default-scc-manager/0000_20_kube-apiserver-operator_00_crb-systemauthenticated-scc-restricted-v3.yaml <- _output/staging/release-manifests/0000_20_kube-apiserver-operator_00_crb-systemauthenticated-scc-restricted-v3.yaml
2026-06-30 04:53:14,532     DEBUG      Copying assets/controllers/openshift-default-scc-manager/0000_20_kube-apiserver-operator_00_scc-anyuid.yaml <- _output/staging/release-manifests/0000_20_kube-apiserver-operator_00_scc-anyuid.yaml
2026-06-30 04:53:14,533     DEBUG      Copying assets/controllers/openshift-default-scc-manager/0000_20_kube-apiserver-operator_00_scc-hostaccess.yaml <- _output/staging/release-manifests/0000_20_kube-apiserver-operator_00_scc-hostaccess.yaml
2026-06-30 04:53:14,534     DEBUG      Copying assets/controllers/openshift-default-scc-manager/0000_20_kube-apiserver-operator_00_scc-hostmount-anyuid.yaml <- _output/staging/release-manifests/0000_20_kube-apiserver-operator_00_scc-hostmount-anyuid.yaml
2026-06-30 04:53:14,535     DEBUG      Copying assets/controllers/openshift-default-scc-manager/0000_20_kube-apiserver-operator_00_scc-hostnetwork-v2.yaml <- _output/staging/release-manifests/0000_20_kube-apiserver-operator_00_scc-hostnetwork-v2.yaml
2026-06-30 04:53:14,535     DEBUG      Copying assets/controllers/openshift-default-scc-manager/0000_20_kube-apiserver-operator_00_scc-hostnetwork.yaml <- _output/staging/release-manifests/0000_20_kube-apiserver-operator_00_scc-hostnetwork.yaml
2026-06-30 04:53:14,536     DEBUG      Copying assets/controllers/openshift-default-scc-manager/0000_20_kube-apiserver-operator_00_scc-nonroot-v2.yaml <- _output/staging/release-manifests/0000_20_kube-apiserver-operator_00_scc-nonroot-v2.yaml
2026-06-30 04:53:14,537     DEBUG      Copying assets/controllers/openshift-default-scc-manager/0000_20_kube-apiserver-operator_00_scc-nonroot.yaml <- _output/staging/release-manifests/0000_20_kube-apiserver-operator_00_scc-nonroot.yaml
2026-06-30 04:53:14,538     DEBUG      Copying assets/controllers/openshift-default-scc-manager/0000_20_kube-apiserver-operator_00_scc-privileged.yaml <- _output/staging/release-manifests/0000_20_kube-apiserver-operator_00_scc-privileged.yaml
2026-06-30 04:53:14,539     DEBUG      Copying assets/controllers/openshift-default-scc-manager/0000_20_kube-apiserver-operator_00_scc-restricted-v2.yaml <- _output/staging/release-manifests/0000_20_kube-apiserver-operator_00_scc-restricted-v2.yaml
2026-06-30 04:53:14,539     DEBUG      Copying assets/controllers/openshift-default-scc-manager/0000_20_kube-apiserver-operator_00_scc-restricted-v3.yaml <- _output/staging/release-manifests/0000_20_kube-apiserver-operator_00_scc-restricted-v3.yaml
2026-06-30 04:53:14,540     DEBUG      Copying assets/controllers/openshift-default-scc-manager/0000_20_kube-apiserver-operator_00_scc-restricted.yaml <- _output/staging/release-manifests/0000_20_kube-apiserver-operator_00_scc-restricted.yaml
2026-06-30 04:53:14,541     INFO       Clearing directory assets/controllers/route-controller-manager/
2026-06-30 04:53:14,542     DEBUG      Copying assets/controllers/route-controller-manager/ns.yaml <- _output/staging/cluster-openshift-controller-manager-operator/bindata/assets/openshift-controller-manager/ns.yaml
2026-06-30 04:53:14,543     DEBUG      Copying assets/controllers/route-controller-manager/sa.yaml <- _output/staging/cluster-openshift-controller-manager-operator/bindata/assets/openshift-controller-manager/sa.yaml
2026-06-30 04:53:14,543     DEBUG      Copying assets/controllers/route-controller-manager/route-controller-manager-clusterrole.yaml <- _output/staging/cluster-openshift-controller-manager-operator/bindata/assets/openshift-controller-manager/route-controller-manager-clusterrole.yaml
2026-06-30 04:53:14,544     DEBUG      Copying assets/controllers/route-controller-manager/route-controller-manager-clusterrolebinding.yaml <- _output/staging/cluster-openshift-controller-manager-operator/bindata/assets/openshift-controller-manager/route-controller-manager-clusterrolebinding.yaml
2026-06-30 04:53:14,545     DEBUG      Copying assets/controllers/route-controller-manager/informer-clusterrolebinding.yaml <- _output/staging/cluster-openshift-controller-manager-operator/bindata/assets/openshift-controller-manager/informer-clusterrolebinding.yaml
2026-06-30 04:53:14,546     DEBUG      Copying assets/controllers/route-controller-manager/informer-clusterrole.yaml <- _output/staging/cluster-openshift-controller-manager-operator/bindata/assets/openshift-controller-manager/informer-clusterrole.yaml
2026-06-30 04:53:14,547     DEBUG      Copying assets/controllers/route-controller-manager/route-controller-manager-ingress-to-route-controller-clusterrolebinding.yaml <- _output/staging/cluster-openshift-controller-manager-operator/bindata/assets/openshift-controller-manager/route-controller-manager-ingress-to-route-controller-clusterrolebinding.yaml
2026-06-30 04:53:14,547     DEBUG      Copying assets/controllers/route-controller-manager/route-controller-manager-ingress-to-route-controller-clusterrole.yaml <- _output/staging/cluster-openshift-controller-manager-operator/bindata/assets/openshift-controller-manager/route-controller-manager-ingress-to-route-controller-clusterrole.yaml
2026-06-30 04:53:14,548     DEBUG      Copying assets/controllers/route-controller-manager/route-controller-manager-ns.yaml <- _output/staging/cluster-openshift-controller-manager-operator/bindata/assets/openshift-controller-manager/route-controller-manager-ns.yaml
2026-06-30 04:53:14,549     DEBUG      Copying assets/controllers/route-controller-manager/route-controller-manager-sa.yaml <- _output/staging/cluster-openshift-controller-manager-operator/bindata/assets/openshift-controller-manager/route-controller-manager-sa.yaml
2026-06-30 04:53:14,550     DEBUG      Copying assets/controllers/route-controller-manager/route-controller-manager-separate-sa-rolebinding.yaml <- _output/staging/cluster-openshift-controller-manager-operator/bindata/assets/openshift-controller-manager/route-controller-manager-separate-sa-rolebinding.yaml
2026-06-30 04:53:14,551     DEBUG      Copying assets/controllers/route-controller-manager/route-controller-manager-separate-sa-role.yaml <- _output/staging/cluster-openshift-controller-manager-operator/bindata/assets/openshift-controller-manager/route-controller-manager-separate-sa-role.yaml
2026-06-30 04:53:14,551     DEBUG      Copying assets/controllers/route-controller-manager/route-controller-manager-tokenreview-clusterrolebinding.yaml <- _output/staging/cluster-openshift-controller-manager-operator/bindata/assets/openshift-controller-manager/route-controller-manager-tokenreview-clusterrolebinding.yaml
2026-06-30 04:53:14,552     DEBUG      Copying assets/controllers/route-controller-manager/route-controller-manager-tokenreview-clusterrole.yaml <- _output/staging/cluster-openshift-controller-manager-operator/bindata/assets/openshift-controller-manager/route-controller-manager-tokenreview-clusterrole.yaml
2026-06-30 04:53:14,553     INFO       Restoring assets/controllers/route-controller-manager/route-controller-manager-authentication-reader-rolebinding.yaml
2026-06-30 04:53:14,553     DEBUG      Executing 'git restore assets/controllers/route-controller-manager/route-controller-manager-authentication-reader-rolebinding.yaml'
2026-06-30 04:53:14,596     INFO       Not clearing dir core/
2026-06-30 04:53:14,597     DEBUG      Copying assets/core/0000_50_cluster-openshift-controller-manager_00_namespace.yaml <- _output/staging/cluster-openshift-controller-manager-operator/bindata/assets/openshift-controller-manager/ns.yaml
2026-06-30 04:53:14,597     DEBUG      Copying assets/core/namespace-openshift-infra.yaml <- _output/staging/cluster-kube-controller-manager-operator/bindata/assets/kube-controller-manager/namespace-openshift-infra.yaml
2026-06-30 04:53:14,598     WARNING    Ignoring core/priority-class-openshift-user-critical.yaml because it's a priority class needed for oc debug node command - not available in any repo that rebase is using
2026-06-30 04:53:14,598     WARNING    Ignoring core/securityv1-local-apiservice.yaml because it's a local API service for security API group, needed if OpenShift API server is not present
2026-06-30 04:53:14,598     DEBUG      Copying assets/core/kubelet.yaml <- _output/staging/machine-config-operator/templates/master/01-master-kubelet/_base/files/kubelet.yaml
2026-06-30 04:53:14,599     WARNING    Ignoring core/kubelet-client-ca.yaml because it's a template for ConfigMap processed during runtime
2026-06-30 04:53:14,599     INFO       Clearing directory assets/crd/
2026-06-30 04:53:14,599     DEBUG      Copying assets/crd/0000_03_config-operator_01_securitycontextconstraints.crd.yaml <- _output/staging/release-manifests/0000_03_config-operator_01_securitycontextconstraints.crd.yaml
2026-06-30 04:53:14,600     DEBUG      Copying assets/crd/0000_03_config-operator_02_rangeallocations.crd.yaml <- _output/staging/release-manifests/0000_03_config-operator_02_rangeallocations.crd.yaml
2026-06-30 04:53:14,601     DEBUG      Copying assets/crd/storage_version_migration.crd.yaml <- _output/staging/release-manifests/0000_50_cluster-kube-storage-version-migrator-operator_01_storage_migration_crd.yaml
2026-06-30 04:53:14,602     DEBUG      Copying assets/crd/route.crd.yaml <- _output/staging/api/route/v1/zz_generated.crd-manifests/routes.crd.yaml
2026-06-30 04:53:14,603     WARNING    Ignoring release/ because it contains files generated during rebase procedure
2026-06-30 04:53:14,603     INFO       Not clearing dir version/
2026-06-30 04:53:14,603     WARNING    Ignoring version/microshift-version.yaml because it's a template for ConfigMap processed during runtime
2026-06-30 04:53:14,603     WARNING    Ignoring embed.go because it's a MicroShift specific Go file that embeds into a binary
2026-06-30 04:53:14,603     INFO       Clearing directory assets/optional/operator-lifecycle-manager/
2026-06-30 04:53:14,604     DEBUG      Copying assets/optional/operator-lifecycle-manager/0000_50_olm_00-catalogsources.crd.yaml <- _output/staging/operator-framework-olm/microshift-manifests/0000_50_olm_00-catalogsources.crd.yaml
2026-06-30 04:53:14,606     DEBUG      Copying assets/optional/operator-lifecycle-manager/0000_50_olm_00-clusterserviceversions.crd.yaml <- _output/staging/operator-framework-olm/microshift-manifests/0000_50_olm_00-clusterserviceversions.crd.yaml
2026-06-30 04:53:14,609     DEBUG      Copying assets/optional/operator-lifecycle-manager/0000_50_olm_00-installplans.crd.yaml <- _output/staging/operator-framework-olm/microshift-manifests/0000_50_olm_00-installplans.crd.yaml
2026-06-30 04:53:14,610     DEBUG      Copying assets/optional/operator-lifecycle-manager/0000_50_olm_00-namespace.yaml <- _output/staging/operator-framework-olm/microshift-manifests/0000_50_olm_00-namespace.yaml
2026-06-30 04:53:14,610     DEBUG      Copying assets/optional/operator-lifecycle-manager/0000_50_olm_00-olmconfigs.crd.yaml <- _output/staging/operator-framework-olm/microshift-manifests/0000_50_olm_00-olmconfigs.crd.yaml
2026-06-30 04:53:14,611     DEBUG      Copying assets/optional/operator-lifecycle-manager/0000_50_olm_00-operatorconditions.crd.yaml <- _output/staging/operator-framework-olm/microshift-manifests/0000_50_olm_00-operatorconditions.crd.yaml
2026-06-30 04:53:14,612     DEBUG      Copying assets/optional/operator-lifecycle-manager/0000_50_olm_00-operatorgroups.crd.yaml <- _output/staging/operator-framework-olm/microshift-manifests/0000_50_olm_00-operatorgroups.crd.yaml
2026-06-30 04:53:14,613     DEBUG      Copying assets/optional/operator-lifecycle-manager/0000_50_olm_00-operators.crd.yaml <- _output/staging/operator-framework-olm/microshift-manifests/0000_50_olm_00-operators.crd.yaml
2026-06-30 04:53:14,614     DEBUG      Copying assets/optional/operator-lifecycle-manager/0000_50_olm_00-packageserver.pdb.yaml <- _output/staging/operator-framework-olm/microshift-manifests/0000_50_olm_00-packageserver.pdb.yaml
2026-06-30 04:53:14,615     DEBUG      Copying assets/optional/operator-lifecycle-manager/0000_50_olm_00-subscriptions.crd.yaml <- _output/staging/operator-framework-olm/microshift-manifests/0000_50_olm_00-subscriptions.crd.yaml
2026-06-30 04:53:14,617     DEBUG      Copying assets/optional/operator-lifecycle-manager/0000_50_olm_01-networkpolicies.yaml <- _output/staging/operator-framework-olm/microshift-manifests/0000_50_olm_01-networkpolicies.yaml
2026-06-30 04:53:14,618     DEBUG      Copying assets/optional/operator-lifecycle-manager/0000_50_olm_02-olm-operator.serviceaccount.yaml <- _output/staging/operator-framework-olm/microshift-manifests/0000_50_olm_02-olm-operator.serviceaccount.yaml
2026-06-30 04:53:14,618     DEBUG      Copying assets/optional/operator-lifecycle-manager/0000_50_olm_03-olmconfig.yaml <- _output/staging/operator-framework-olm/microshift-manifests/0000_50_olm_03-olmconfig.yaml
2026-06-30 04:53:14,619     DEBUG      Copying assets/optional/operator-lifecycle-manager/0000_50_olm_03-services.yaml <- _output/staging/operator-framework-olm/microshift-manifests/0000_50_olm_03-services.yaml
2026-06-30 04:53:14,620     DEBUG      Copying assets/optional/operator-lifecycle-manager/0000_50_olm_07-olm-operator.deployment.yaml <- _output/staging/operator-framework-olm/microshift-manifests/0000_50_olm_07-olm-operator.deployment.yaml
2026-06-30 04:53:14,621     DEBUG      Copying assets/optional/operator-lifecycle-manager/0000_50_olm_08-catalog-operator.deployment.yaml <- _output/staging/operator-framework-olm/microshift-manifests/0000_50_olm_08-catalog-operator.deployment.yaml
2026-06-30 04:53:14,622     DEBUG      Copying assets/optional/operator-lifecycle-manager/0000_50_olm_09-aggregated.clusterrole.yaml <- _output/staging/operator-framework-olm/microshift-manifests/0000_50_olm_09-aggregated.clusterrole.yaml
2026-06-30 04:53:14,623     DEBUG      Copying assets/optional/operator-lifecycle-manager/0000_50_olm_13-operatorgroup-default.yaml <- _output/staging/operator-framework-olm/microshift-manifests/0000_50_olm_13-operatorgroup-default.yaml
2026-06-30 04:53:14,623     DEBUG      Copying assets/optional/operator-lifecycle-manager/0000_50_olm_15-csv-viewer.rbac.yaml <- _output/staging/operator-framework-olm/microshift-manifests/0000_50_olm_15-csv-viewer.rbac.yaml
2026-06-30 04:53:14,624     DEBUG      Copying assets/optional/operator-lifecycle-manager/image-references <- _output/staging/operator-framework-olm/microshift-manifests/image-references
2026-06-30 04:53:14,624     DEBUG      Copying assets/optional/operator-lifecycle-manager/kustomization.yaml <- _output/staging/operator-framework-olm/microshift-manifests/kustomization.yaml
2026-06-30 04:53:14,625     WARNING    Ignoring optional/operator-lifecycle-manager/kustomization.x86_64.yaml because gets generated during image rebase
2026-06-30 04:53:14,625     WARNING    Ignoring optional/operator-lifecycle-manager/kustomization.aarch64.yaml because gets generated during image rebase
2026-06-30 04:53:14,625     WARNING    Ignoring optional/operator-lifecycle-manager/release-olm-aarch64.json because gets generated during image rebase
2026-06-30 04:53:14,625     WARNING    Ignoring optional/operator-lifecycle-manager/release-olm-x86_64.json because gets generated during image rebase
2026-06-30 04:53:14,625     WARNING    Ignoring components/multus/ because they don't exist in upstream repository - only in microshift
2026-06-30 04:53:14,625     WARNING    Ignoring optional/observability/ because they don't exist in upstream repository - only in microshift
[34mModifying OpenShift manifests[00m
/go/src/github.com/openshift/microshift /go/src/github.com/openshift/microshift/_output/staging /go/src/github.com/openshift/microshift
Checking patch /go/src/github.com/openshift/microshift/scripts/auto-rebase/manifests_patches/010-ingress-deployment-clientCA.patch
/go/src/github.com/openshift/microshift/scripts/auto-rebase/manifests_patches/010-ingress-deployment-clientCA.patch - Patch applied
Checking patch /go/src/github.com/openshift/microshift/scripts/auto-rebase/manifests_patches/011-ingress-deployment-access-logging.patch
/go/src/github.com/openshift/microshift/scripts/auto-rebase/manifests_patches/011-ingress-deployment-access-logging.patch - Patch applied
Checking patch /go/src/github.com/openshift/microshift/scripts/auto-rebase/manifests_patches/012-ingress-class.patch
/go/src/github.com/openshift/microshift/scripts/auto-rebase/manifests_patches/012-ingress-class.patch - Patch applied
Checking patch /go/src/github.com/openshift/microshift/scripts/auto-rebase/manifests_patches/020-dns-configmap.patch
Patch was already applied
Checking patch /go/src/github.com/openshift/microshift/scripts/auto-rebase/manifests_patches/020-dns-daemonset.patch
/go/src/github.com/openshift/microshift/scripts/auto-rebase/manifests_patches/020-dns-daemonset.patch - Patch applied
Checking patch /go/src/github.com/openshift/microshift/scripts/auto-rebase/manifests_patches/020-dns-hosts-configmap-role.patch
/go/src/github.com/openshift/microshift/scripts/auto-rebase/manifests_patches/020-dns-hosts-configmap-role.patch - Patch applied
Checking patch /go/src/github.com/openshift/microshift/scripts/auto-rebase/manifests_patches/020-dns-hosts-configmap-rolebinding.patch
/go/src/github.com/openshift/microshift/scripts/auto-rebase/manifests_patches/020-dns-hosts-configmap-rolebinding.patch - Patch applied
/go/src/github.com/openshift/microshift/_output/staging /go/src/github.com/openshift/microshift
[34mRebasing operator-lifecycle-manager manifests[00m
[34mRebasing Multus images[00m
[34m## Committing changes to assets and pkg/assets[00m
[rebase-release-4.22-4.22.0-0.nightly-2026-06-25-210812_amd64-2026-06-25_arm64-2026-06-29 25510bfcf] update manifests
 3 files changed, 3 insertions(+), 3 deletions(-)
[34mRebasing Makefile[00m
[34m## Committing changes to buildfiles[00m
[rebase-release-4.22-4.22.0-0.nightly-2026-06-25-210812_amd64-2026-06-25_arm64-2026-06-29 1e08b45c1] update buildfiles
 1 file changed, 1 insertion(+), 1 deletion(-)
[34m# Removing staging directory[00m
==================================================
rebase_ai_model_serving.sh:
[34mRebasing AI Model Serving for MicroShift to registry.redhat.io/rhoai/odh-operator-bundle:v2.25[00m
[34mFetching RHOAI CSV[00m
[34mFetching RHOAI manifests[00m
error: unable to extract layer sha256:f3352ed1ace0ab6405fcd2d97e7ff089a3d3182e0a4f81cc4d08f1f86325c65b from registry.redhat.io/rhoai/odh-rhel9-operator@sha256:bc5cb772ff859730805f8ac0d9514752782dd55412b65b1a2726621125f071d6: unexpected EOF
